#
# There is insufficient memory for the Java Runtime Environment to continue.
# Native memory allocation (mmap) failed to map 3221225472 bytes for committing reserved memory.
# Possible reasons:
#   The system is out of physical RAM or swap space
#   The process is running with CompressedOops enabled, and the Java Heap may be blocking the growth of the native heap
# Possible solutions:
#   Reduce memory load on the system
#   Increase physical memory or swap space
#   Check if swap backing store is full
#   Decrease Java heap size (-Xmx/-Xms)
#   Decrease number of Java threads
#   Decrease Java thread stack sizes (-Xss)
#   Set larger code cache with -XX:ReservedCodeCacheSize=
# This output file may be truncated or incomplete.
#
#  Out of Memory Error (os_linux.cpp:2985), pid=111280, tid=111282
#
# JRE version:  (11.0.11+9) (build )
# Java VM: OpenJDK 64-Bit Server VM (11.0.11+9-Ubuntu-0ubuntu2.18.04, mixed mode, sharing, tiered, compressed oops, g1 gc, linux-amd64)
# Core dump will be written. Default location: Core dumps may be processed with "/usr/share/apport/apport %p %s %c %d %P %E" (or dumping to /home/alife/test/auxh3/025/atlantah3/core.111280)
#

---------------  S U M M A R Y ------------

Command Line: -Xms3G -Xmx3G -XX:+UseG1GC -XX:+UseG1GC -XX:MaxGCPauseMillis=200 -XX:ParallelGCThreads=20 -XX:ConcGCThreads=5 -XX:InitiatingHeapOccupancyPercent=70 networkrecoverysim.DataReplicationNodeFailingMain load atlanta.graph 100 0 FirstNeighbor atlanta.loc 50 replalgon NODELAY 0.25 4 nhopsinfo 3 3 0 FailIntv-0-25

Host: Intel(R) Xeon(R) Silver 4114 CPU @ 2.20GHz, 16 cores, 7G, Ubuntu 18.04.3 LTS
Time: Tue Dec 14 18:46:43 2021 -05 elapsed time: 0.009853 seconds (0d 0h 0m 0s)

---------------  T H R E A D  ---------------

Current thread (0x00007f9dcc016800):  JavaThread "Unknown thread" [_thread_in_vm, id=111282, stack(0x00007f9dd5f55000,0x00007f9dd6056000)]

Stack: [0x00007f9dd5f55000,0x00007f9dd6056000],  sp=0x00007f9dd6054240,  free space=1020k
Native frames: (J=compiled Java code, A=aot compiled Java code, j=interpreted, Vv=VM code, C=native code)
V  [libjvm.so+0xe1c39a]
V  [libjvm.so+0xe1d04b]
V  [libjvm.so+0x649755]
V  [libjvm.so+0xb76a88]
V  [libjvm.so+0xb6cf2d]
V  [libjvm.so+0x76107f]
V  [libjvm.so+0x76142e]
V  [libjvm.so+0x76aac6]
V  [libjvm.so+0x7e31c4]
V  [libjvm.so+0x7e3dd0]
V  [libjvm.so+0x7e41e7]
V  [libjvm.so+0x71ed30]
V  [libjvm.so+0x71f431]
V  [libjvm.so+0xddf832]
V  [libjvm.so+0xddfaf6]
V  [libjvm.so+0x802fe7]
V  [libjvm.so+0xdb940a]
V  [libjvm.so+0x8a9661]  JNI_CreateJavaVM+0x51
C  [libjli.so+0x3a88]
C  [libjli.so+0x87ed]


---------------  P R O C E S S  ---------------

Threads class SMR info:
_java_thread_list=0x000055ef9e44f540, length=0, elements={
}

Java Threads: ( => current thread )

Other Threads:
  0x00007f9dcc030800 GCTaskThread "GC Thread#0" [stack: 0x00007f9dd1f20000,0x00007f9dd2020000] [id=111285]
  0x00007f9dcc07b000 ConcurrentGCThread "G1 Main Marker" [stack: 0x00007f9dd0283000,0x00007f9dd0383000] [id=111286]
  0x00007f9dcc07d000 ConcurrentGCThread "G1 Conc#0" [stack: 0x00007f9dd0181000,0x00007f9dd0281000] [id=111287]

[error occurred during error reporting (printing all threads), id 0xb, SIGSEGV (0xb) at pc=0x00007f9dd44fb680]

VM state:not at safepoint (not fully initialized)

VM Mutex/Monitor currently owned by a thread:  ([mutex/lock_event])
[0x00007f9dcc013530] Heap_lock - owner thread: 0x00007f9dcc016800

Heap address: 0x0000000740000000, size: 3072 MB, Compressed Oops mode: Non-zero based: 0x0000000740000000
Narrow klass base: 0x0000000000000000, Narrow klass shift: 0

GC Heap History (0 events):
No events

Deoptimization events (0 events):
No events

Classes redefined (0 events):
No events

Internal exceptions (0 events):
No events

Events (2 events):
Event: 0.003 Protecting memory [0x00007f9dd5f55000,0x00007f9dd5f59000] with protection modes 0
Event: 0.003 Loaded shared library /usr/lib/jvm/java-11-openjdk-amd64/lib/libzip.so


Dynamic libraries:
55ef9ca7a000-55ef9ca7b000 r-xp 00000000 ca:01 1841807                    /usr/lib/jvm/java-11-openjdk-amd64/bin/java
55ef9cc7b000-55ef9cc7c000 r--p 00001000 ca:01 1841807                    /usr/lib/jvm/java-11-openjdk-amd64/bin/java
55ef9cc7c000-55ef9cc7d000 rw-p 00002000 ca:01 1841807                    /usr/lib/jvm/java-11-openjdk-amd64/bin/java
55ef9e437000-55ef9e458000 rw-p 00000000 00:00 0                          [heap]
7f9d9c000000-7f9d9c021000 rw-p 00000000 00:00 0 
7f9d9c021000-7f9da0000000 ---p 00000000 00:00 0 
7f9da2000000-7f9da4000000 rw-p 00000000 00:00 0 
7f9da4000000-7f9da4021000 rw-p 00000000 00:00 0 
7f9da4021000-7f9da8000000 ---p 00000000 00:00 0 
7f9da88ef000-7f9da9a00000 rw-p 00000000 00:00 0 
7f9da9a00000-7f9db0000000 ---p 00000000 00:00 0 
7f9db0000000-7f9db0021000 rw-p 00000000 00:00 0 
7f9db0021000-7f9db4000000 ---p 00000000 00:00 0 
7f9db4076000-7f9db4278000 rw-p 00000000 00:00 0 
7f9db4278000-7f9db4878000 ---p 00000000 00:00 0 
7f9db4878000-7f9db4ae8000 rwxp 00000000 00:00 0 
7f9db4ae8000-7f9db4fb7000 ---p 00000000 00:00 0 
7f9db4fb7000-7f9db5227000 rwxp 00000000 00:00 0 
7f9db5227000-7f9dbc417000 ---p 00000000 00:00 0 
7f9dbc417000-7f9dbc687000 rwxp 00000000 00:00 0 
7f9dbc687000-7f9dc3878000 ---p 00000000 00:00 0 
7f9dc3878000-7f9dcc000000 r--s 00000000 ca:01 2098892                    /usr/lib/jvm/java-11-openjdk-amd64/lib/modules
7f9dcc000000-7f9dcc0da000 rw-p 00000000 00:00 0 
7f9dcc0da000-7f9dd0000000 ---p 00000000 00:00 0 
7f9dd007e000-7f9dd017f000 rw-p 00000000 00:00 0 
7f9dd017f000-7f9dd0180000 ---p 00000000 00:00 0 
7f9dd0180000-7f9dd0281000 rw-p 00000000 00:00 0 
7f9dd0281000-7f9dd0282000 ---p 00000000 00:00 0 
7f9dd0282000-7f9dd050a000 rw-p 00000000 00:00 0 
7f9dd050a000-7f9dd0b0a000 ---p 00000000 00:00 0 
7f9dd0b0a000-7f9dd1f1e000 rw-p 00000000 00:00 0 
7f9dd1f1e000-7f9dd1f1f000 ---p 00000000 00:00 0 
7f9dd1f1f000-7f9dd2025000 rw-p 00000000 00:00 0 
7f9dd2025000-7f9dd2109000 ---p 00000000 00:00 0 
7f9dd2109000-7f9dd210e000 rw-p 00000000 00:00 0 
7f9dd210e000-7f9dd21f2000 ---p 00000000 00:00 0 
7f9dd21f2000-7f9dd21f9000 r-xp 00000000 ca:01 2098891                    /usr/lib/jvm/java-11-openjdk-amd64/lib/libzip.so
7f9dd21f9000-7f9dd23f8000 ---p 00007000 ca:01 2098891                    /usr/lib/jvm/java-11-openjdk-amd64/lib/libzip.so
7f9dd23f8000-7f9dd23f9000 r--p 00006000 ca:01 2098891                    /usr/lib/jvm/java-11-openjdk-amd64/lib/libzip.so
7f9dd23f9000-7f9dd23fa000 rw-p 00007000 ca:01 2098891                    /usr/lib/jvm/java-11-openjdk-amd64/lib/libzip.so
7f9dd23fa000-7f9dd2405000 r-xp 00000000 ca:01 405012                     /lib/x86_64-linux-gnu/libnss_files-2.27.so
7f9dd2405000-7f9dd2604000 ---p 0000b000 ca:01 405012                     /lib/x86_64-linux-gnu/libnss_files-2.27.so
7f9dd2604000-7f9dd2605000 r--p 0000a000 ca:01 405012                     /lib/x86_64-linux-gnu/libnss_files-2.27.so
7f9dd2605000-7f9dd2606000 rw-p 0000b000 ca:01 405012                     /lib/x86_64-linux-gnu/libnss_files-2.27.so
7f9dd2606000-7f9dd260c000 rw-p 00000000 00:00 0 
7f9dd260c000-7f9dd2623000 r-xp 00000000 ca:01 402665                     /lib/x86_64-linux-gnu/libnsl-2.27.so
7f9dd2623000-7f9dd2822000 ---p 00017000 ca:01 402665                     /lib/x86_64-linux-gnu/libnsl-2.27.so
7f9dd2822000-7f9dd2823000 r--p 00016000 ca:01 402665                     /lib/x86_64-linux-gnu/libnsl-2.27.so
7f9dd2823000-7f9dd2824000 rw-p 00017000 ca:01 402665                     /lib/x86_64-linux-gnu/libnsl-2.27.so
7f9dd2824000-7f9dd2826000 rw-p 00000000 00:00 0 
7f9dd2826000-7f9dd2831000 r-xp 00000000 ca:01 405016                     /lib/x86_64-linux-gnu/libnss_nis-2.27.so
7f9dd2831000-7f9dd2a30000 ---p 0000b000 ca:01 405016                     /lib/x86_64-linux-gnu/libnss_nis-2.27.so
7f9dd2a30000-7f9dd2a31000 r--p 0000a000 ca:01 405016                     /lib/x86_64-linux-gnu/libnss_nis-2.27.so
7f9dd2a31000-7f9dd2a32000 rw-p 0000b000 ca:01 405016                     /lib/x86_64-linux-gnu/libnss_nis-2.27.so
7f9dd2a32000-7f9dd2a3a000 r-xp 00000000 ca:01 402666                     /lib/x86_64-linux-gnu/libnss_compat-2.27.so
7f9dd2a3a000-7f9dd2c3a000 ---p 00008000 ca:01 402666                     /lib/x86_64-linux-gnu/libnss_compat-2.27.so
7f9dd2c3a000-7f9dd2c3b000 r--p 00008000 ca:01 402666                     /lib/x86_64-linux-gnu/libnss_compat-2.27.so
7f9dd2c3b000-7f9dd2c3c000 rw-p 00009000 ca:01 402666                     /lib/x86_64-linux-gnu/libnss_compat-2.27.so
7f9dd2c3c000-7f9dd2c41000 r-xp 00000000 ca:01 2098874                    /usr/lib/jvm/java-11-openjdk-amd64/lib/libjimage.so
7f9dd2c41000-7f9dd2e40000 ---p 00005000 ca:01 2098874                    /usr/lib/jvm/java-11-openjdk-amd64/lib/libjimage.so
7f9dd2e40000-7f9dd2e41000 r--p 00004000 ca:01 2098874                    /usr/lib/jvm/java-11-openjdk-amd64/lib/libjimage.so
7f9dd2e41000-7f9dd2e42000 rw-p 00005000 ca:01 2098874                    /usr/lib/jvm/java-11-openjdk-amd64/lib/libjimage.so
7f9dd2e42000-7f9dd2e6a000 r-xp 00000000 ca:01 2098871                    /usr/lib/jvm/java-11-openjdk-amd64/lib/libjava.so
7f9dd2e6a000-7f9dd306a000 ---p 00028000 ca:01 2098871                    /usr/lib/jvm/java-11-openjdk-amd64/lib/libjava.so
7f9dd306a000-7f9dd306b000 r--p 00028000 ca:01 2098871                    /usr/lib/jvm/java-11-openjdk-amd64/lib/libjava.so
7f9dd306b000-7f9dd306c000 rw-p 00029000 ca:01 2098871                    /usr/lib/jvm/java-11-openjdk-amd64/lib/libjava.so
7f9dd306c000-7f9dd306d000 rw-p 00000000 00:00 0 
7f9dd306d000-7f9dd307a000 r-xp 00000000 ca:01 2098890                    /usr/lib/jvm/java-11-openjdk-amd64/lib/libverify.so
7f9dd307a000-7f9dd3279000 ---p 0000d000 ca:01 2098890                    /usr/lib/jvm/java-11-openjdk-amd64/lib/libverify.so
7f9dd3279000-7f9dd327b000 r--p 0000c000 ca:01 2098890                    /usr/lib/jvm/java-11-openjdk-amd64/lib/libverify.so
7f9dd327b000-7f9dd327c000 rw-p 0000e000 ca:01 2098890                    /usr/lib/jvm/java-11-openjdk-amd64/lib/libverify.so
7f9dd327c000-7f9dd3283000 r-xp 00000000 ca:01 405026                     /lib/x86_64-linux-gnu/librt-2.27.so
7f9dd3283000-7f9dd3482000 ---p 00007000 ca:01 405026                     /lib/x86_64-linux-gnu/librt-2.27.so
7f9dd3482000-7f9dd3483000 r--p 00006000 ca:01 405026                     /lib/x86_64-linux-gnu/librt-2.27.so
7f9dd3483000-7f9dd3484000 rw-p 00007000 ca:01 405026                     /lib/x86_64-linux-gnu/librt-2.27.so
7f9dd3484000-7f9dd349b000 r-xp 00000000 ca:01 402389                     /lib/x86_64-linux-gnu/libgcc_s.so.1
7f9dd349b000-7f9dd369a000 ---p 00017000 ca:01 402389                     /lib/x86_64-linux-gnu/libgcc_s.so.1
7f9dd369a000-7f9dd369b000 r--p 00016000 ca:01 402389                     /lib/x86_64-linux-gnu/libgcc_s.so.1
7f9dd369b000-7f9dd369c000 rw-p 00017000 ca:01 402389                     /lib/x86_64-linux-gnu/libgcc_s.so.1
7f9dd369c000-7f9dd3839000 r-xp 00000000 ca:01 402662                     /lib/x86_64-linux-gnu/libm-2.27.so
7f9dd3839000-7f9dd3a38000 ---p 0019d000 ca:01 402662                     /lib/x86_64-linux-gnu/libm-2.27.so
7f9dd3a38000-7f9dd3a39000 r--p 0019c000 ca:01 402662                     /lib/x86_64-linux-gnu/libm-2.27.so
7f9dd3a39000-7f9dd3a3a000 rw-p 0019d000 ca:01 402662                     /lib/x86_64-linux-gnu/libm-2.27.so
7f9dd3a3a000-7f9dd3bb3000 r-xp 00000000 ca:01 394211                     /usr/lib/x86_64-linux-gnu/libstdc++.so.6.0.25
7f9dd3bb3000-7f9dd3db3000 ---p 00179000 ca:01 394211                     /usr/lib/x86_64-linux-gnu/libstdc++.so.6.0.25
7f9dd3db3000-7f9dd3dbd000 r--p 00179000 ca:01 394211                     /usr/lib/x86_64-linux-gnu/libstdc++.so.6.0.25
7f9dd3dbd000-7f9dd3dbf000 rw-p 00183000 ca:01 394211                     /usr/lib/x86_64-linux-gnu/libstdc++.so.6.0.25
7f9dd3dbf000-7f9dd3dc3000 rw-p 00000000 00:00 0 
7f9dd3dc3000-7f9dd4eab000 r-xp 00000000 ca:01 2098897                    /usr/lib/jvm/java-11-openjdk-amd64/lib/server/libjvm.so
7f9dd4eab000-7f9dd50aa000 ---p 010e8000 ca:01 2098897                    /usr/lib/jvm/java-11-openjdk-amd64/lib/server/libjvm.so
7f9dd50aa000-7f9dd516b000 r--p 010e7000 ca:01 2098897                    /usr/lib/jvm/java-11-openjdk-amd64/lib/server/libjvm.so
7f9dd516b000-7f9dd51a6000 rw-p 011a8000 ca:01 2098897                    /usr/lib/jvm/java-11-openjdk-amd64/lib/server/libjvm.so
7f9dd51a6000-7f9dd51fd000 rw-p 00000000 00:00 0 
7f9dd51fd000-7f9dd5217000 r-xp 00000000 ca:01 405022                     /lib/x86_64-linux-gnu/libpthread-2.27.so
7f9dd5217000-7f9dd5416000 ---p 0001a000 ca:01 405022                     /lib/x86_64-linux-gnu/libpthread-2.27.so
7f9dd5416000-7f9dd5417000 r--p 00019000 ca:01 405022                     /lib/x86_64-linux-gnu/libpthread-2.27.so
7f9dd5417000-7f9dd5418000 rw-p 0001a000 ca:01 405022                     /lib/x86_64-linux-gnu/libpthread-2.27.so
7f9dd5418000-7f9dd541c000 rw-p 00000000 00:00 0 
7f9dd541c000-7f9dd541f000 r-xp 00000000 ca:01 402661                     /lib/x86_64-linux-gnu/libdl-2.27.so
7f9dd541f000-7f9dd561e000 ---p 00003000 ca:01 402661                     /lib/x86_64-linux-gnu/libdl-2.27.so
7f9dd561e000-7f9dd561f000 r--p 00002000 ca:01 402661                     /lib/x86_64-linux-gnu/libdl-2.27.so
7f9dd561f000-7f9dd5620000 rw-p 00003000 ca:01 402661                     /lib/x86_64-linux-gnu/libdl-2.27.so
7f9dd5620000-7f9dd563c000 r-xp 00000000 ca:01 396228                     /lib/x86_64-linux-gnu/libz.so.1.2.11
7f9dd563c000-7f9dd583b000 ---p 0001c000 ca:01 396228                     /lib/x86_64-linux-gnu/libz.so.1.2.11
7f9dd583b000-7f9dd583c000 r--p 0001b000 ca:01 396228                     /lib/x86_64-linux-gnu/libz.so.1.2.11
7f9dd583c000-7f9dd583d000 rw-p 0001c000 ca:01 396228                     /lib/x86_64-linux-gnu/libz.so.1.2.11
7f9dd583d000-7f9dd5a24000 r-xp 00000000 ca:01 402655                     /lib/x86_64-linux-gnu/libc-2.27.so
7f9dd5a24000-7f9dd5c24000 ---p 001e7000 ca:01 402655                     /lib/x86_64-linux-gnu/libc-2.27.so
7f9dd5c24000-7f9dd5c28000 r--p 001e7000 ca:01 402655                     /lib/x86_64-linux-gnu/libc-2.27.so
7f9dd5c28000-7f9dd5c2a000 rw-p 001eb000 ca:01 402655                     /lib/x86_64-linux-gnu/libc-2.27.so
7f9dd5c2a000-7f9dd5c2e000 rw-p 00000000 00:00 0 
7f9dd5c2e000-7f9dd5c3d000 r-xp 00000000 ca:01 2098856                    /usr/lib/jvm/java-11-openjdk-amd64/lib/jli/libjli.so
7f9dd5c3d000-7f9dd5e3c000 ---p 0000f000 ca:01 2098856                    /usr/lib/jvm/java-11-openjdk-amd64/lib/jli/libjli.so
7f9dd5e3c000-7f9dd5e3d000 r--p 0000e000 ca:01 2098856                    /usr/lib/jvm/java-11-openjdk-amd64/lib/jli/libjli.so
7f9dd5e3d000-7f9dd5e3e000 rw-p 0000f000 ca:01 2098856                    /usr/lib/jvm/java-11-openjdk-amd64/lib/jli/libjli.so
7f9dd5e3e000-7f9dd5e65000 r-xp 00000000 ca:01 402647                     /lib/x86_64-linux-gnu/ld-2.27.so
7f9dd5f44000-7f9dd5f49000 rw-p 00000000 00:00 0 
7f9dd5f49000-7f9dd5f53000 ---p 00000000 00:00 0 
7f9dd5f53000-7f9dd5f55000 r--s 00007000 ca:01 132074                     /usr/share/java/java-atk-wrapper.jar
7f9dd5f55000-7f9dd5f59000 ---p 00000000 00:00 0 
7f9dd5f59000-7f9dd6058000 rw-p 00000000 00:00 0 
7f9dd6059000-7f9dd6061000 rw-s 00000000 ca:01 524313                     /tmp/hsperfdata_alife/111280
7f9dd6061000-7f9dd6062000 ---p 00000000 00:00 0 
7f9dd6062000-7f9dd6063000 r--p 00000000 00:00 0 
7f9dd6063000-7f9dd6065000 rw-p 00000000 00:00 0 
7f9dd6065000-7f9dd6066000 r--p 00027000 ca:01 402647                     /lib/x86_64-linux-gnu/ld-2.27.so
7f9dd6066000-7f9dd6067000 rw-p 00028000 ca:01 402647                     /lib/x86_64-linux-gnu/ld-2.27.so
7f9dd6067000-7f9dd6068000 rw-p 00000000 00:00 0 
7ffdbd934000-7ffdbd955000 rw-p 00000000 00:00 0                          [stack]
7ffdbd95d000-7ffdbd960000 r--p 00000000 00:00 0                          [vvar]
7ffdbd960000-7ffdbd962000 r-xp 00000000 00:00 0                          [vdso]
ffffffffff600000-ffffffffff601000 r-xp 00000000 00:00 0                  [vsyscall]


VM Arguments:
jvm_args: -Xms3G -Xmx3G -XX:+UseG1GC -XX:+UseG1GC -XX:MaxGCPauseMillis=200 -XX:ParallelGCThreads=20 -XX:ConcGCThreads=5 -XX:InitiatingHeapOccupancyPercent=70 
java_command: networkrecoverysim.DataReplicationNodeFailingMain load atlanta.graph 100 0 FirstNeighbor atlanta.loc 50 replalgon NODELAY 0.25 4 nhopsinfo 3 3 0 FailIntv-0-25
java_class_path (initial): dist/NetworkRecoverySim.jar
Launcher Type: SUN_STANDARD

[Global flags]
     intx CICompilerCount                          = 12                                        {product} {ergonomic}
     uint ConcGCThreads                            = 5                                         {product} {command line}
     uint G1ConcRefinementThreads                  = 20                                        {product} {ergonomic}
   size_t G1HeapRegionSize                         = 1048576                                   {product} {ergonomic}
    uintx GCDrainStackTargetSize                   = 64                                        {product} {ergonomic}
   size_t InitialHeapSize                          = 3221225472                                {product} {command line}
    uintx InitiatingHeapOccupancyPercent           = 70                                        {product} {command line}
   size_t MarkStackSize                            = 4194304                                   {product} {ergonomic}
    uintx MaxGCPauseMillis                         = 200                                       {product} {command line}
   size_t MaxHeapSize                              = 3221225472                                {product} {command line}
   size_t MinHeapDeltaBytes                        = 1048576                                   {product} {ergonomic}
    uintx NonNMethodCodeHeapSize                   = 7594288                                {pd product} {ergonomic}
    uintx NonProfiledCodeHeapSize                  = 122031976                              {pd product} {ergonomic}
     uint ParallelGCThreads                        = 20                                        {product} {command line}
    uintx ProfiledCodeHeapSize                     = 122031976                              {pd product} {ergonomic}
    uintx ReservedCodeCacheSize                    = 251658240                              {pd product} {ergonomic}
     bool SegmentedCodeCache                       = true                                      {product} {ergonomic}
     bool UseCompressedClassPointers               = true                                 {lp64_product} {ergonomic}
     bool UseCompressedOops                        = true                                 {lp64_product} {ergonomic}
     bool UseG1GC                                  = true                                      {product} {command line}

Logging:
Log output configuration:
 #0: stdout all=warning uptime,level,tags
 #1: stderr all=off uptime,level,tags

Environment Variables:
PATH=/home/alife/.local/bin:/usr/local/sbin:/usr/local/bin:/usr/sbin:/usr/bin:/sbin:/bin:/usr/games:/usr/local/games:/snap/bin
SHELL=/bin/bash
LANG=es_CO.UTF-8

Signal Handlers:
SIGSEGV: [libjvm.so+0xe1d0a0], sa_mask[0]=11111111011111111101111111111110, sa_flags=SA_RESTART|SA_SIGINFO
SIGBUS: [libjvm.so+0xe1d0a0], sa_mask[0]=11111111011111111101111111111110, sa_flags=SA_RESTART|SA_SIGINFO
SIGFPE: [libjvm.so+0xe1d0a0], sa_mask[0]=11111111011111111101111111111110, sa_flags=SA_RESTART|SA_SIGINFO
SIGPIPE: [libjvm.so+0xb717f0], sa_mask[0]=11111111011111111101111111111110, sa_flags=SA_RESTART|SA_SIGINFO
SIGXFSZ: [libjvm.so+0xb717f0], sa_mask[0]=11111111011111111101111111111110, sa_flags=SA_RESTART|SA_SIGINFO
SIGILL: [libjvm.so+0xe1d0a0], sa_mask[0]=11111111011111111101111111111110, sa_flags=SA_RESTART|SA_SIGINFO
SIGUSR2: [libjvm.so+0xb71680], sa_mask[0]=00000000000000000000000000000000, sa_flags=SA_RESTART|SA_SIGINFO
SIGHUP: SIG_DFL, sa_mask[0]=00000000000000000000000000000000, sa_flags=none
SIGINT: SIG_DFL, sa_mask[0]=00000000000000000000000000000000, sa_flags=none
SIGTERM: SIG_DFL, sa_mask[0]=00000000000000000000000000000000, sa_flags=none
SIGQUIT: SIG_DFL, sa_mask[0]=00000000000000000000000000000000, sa_flags=none


---------------  S Y S T E M  ---------------

OS:DISTRIB_ID=Ubuntu
DISTRIB_RELEASE=18.04
DISTRIB_CODENAME=bionic
DISTRIB_DESCRIPTION="Ubuntu 18.04.3 LTS"
uname:Linux 4.15.0-143-generic #147-Ubuntu SMP Wed Apr 14 16:10:11 UTC 2021 x86_64
OS uptime: 62 days 6:47 hours
libc:glibc 2.27 NPTL 2.27 
rlimit (soft/hard): STACK 8192k/infinity , CORE 0k/infinity , NPROC 30771/30771 , NOFILE 1048576/1048576 , AS infinity/infinity , CPU infinity/infinity , DATA infinity/infinity , FSIZE infinity/infinity , MEMLOCK 65536k/65536k
load average:36.27 37.70 36.42

/proc/meminfo:
MemTotal:        7942016 kB
MemFree:         1546132 kB
MemAvailable:    1981956 kB
Buffers:          107960 kB
Cached:           456324 kB
SwapCached:          392 kB
Active:          5406772 kB
Inactive:         459152 kB
Active(anon):    5226988 kB
Inactive(anon):    74416 kB
Active(file):     179784 kB
Inactive(file):   384736 kB
Unevictable:           0 kB
Mlocked:               0 kB
SwapTotal:        483800 kB
SwapFree:         475864 kB
Dirty:              2204 kB
Writeback:           100 kB
AnonPages:       5301268 kB
Mapped:           106376 kB
Shmem:               208 kB
Slab:             352400 kB
SReclaimable:     172448 kB
SUnreclaim:       179952 kB
KernelStack:       27552 kB
PageTables:        23280 kB
NFS_Unstable:          0 kB
Bounce:                0 kB
WritebackTmp:          0 kB
CommitLimit:     4454808 kB
Committed_AS:   12670764 kB
VmallocTotal:   34359738367 kB
VmallocUsed:           0 kB
VmallocChunk:          0 kB
HardwareCorrupted:     0 kB
AnonHugePages:         0 kB
ShmemHugePages:        0 kB
ShmemPmdMapped:        0 kB
CmaTotal:              0 kB
CmaFree:               0 kB
HugePages_Total:       0
HugePages_Free:        0
HugePages_Rsvd:        0
HugePages_Surp:        0
Hugepagesize:       2048 kB
DirectMap4k:      483328 kB
DirectMap2M:     7700480 kB
DirectMap1G:     1048576 kB

/sys/kernel/mm/transparent_hugepage/enabled:
always [madvise] never
/sys/kernel/mm/transparent_hugepage/defrag (defrag/compaction efforts parameter):
always defer defer+madvise [madvise] never

Process Memory:
Virtual Size: 907196K (peak: 4065132K)
Resident Set Size: 14884K (peak: 14884K) (anon: 2176K, file: 12708K, shmem: 0K)
Swapped out: 0K
C-Heap outstanding allocations: 980K

/proc/sys/kernel/threads-max (system-wide limit on the number of threads):
61542
/proc/sys/vm/max_map_count (maximum number of memory map areas a process may have):
65530
/proc/sys/kernel/pid_max (system-wide limit on number of process identifiers):
131072

container (cgroup) information:
container_type: cgroupv1
cpu_cpuset_cpus: 0-15
cpu_memory_nodes: 0
active_processor_count: 16
cpu_quota: -1
cpu_period: 100000
cpu_shares: -1
memory_limit_in_bytes: -1
memory_and_swap_limit_in_bytes: -2
memory_soft_limit_in_bytes: -1
memory_usage_in_bytes: 5805367296
memory_max_usage_in_bytes: 7297843200

Xen hardware-assisted virtualization detected
Steal ticks since vm start: 0
Steal ticks percentage since vm start:  0.000

CPU:total 16 (initial active 16) (2 cores per cpu, 1 threads per core) family 6 model 85 stepping 4 microcode 0x2000050, cmov, cx8, fxsr, mmx, sse, sse2, sse3, ssse3, sse4.1, sse4.2, popcnt, avx, avx2, aes, clmul, erms, rtm, 3dnowpref, lzcnt, tsc, bmi1, bmi2, adx, fma
CPU Model and flags from /proc/cpuinfo:
model name	: Intel(R) Xeon(R) Silver 4114 CPU @ 2.20GHz
flags		: fpu vme de pse tsc msr pae mce cx8 apic sep mtrr pge mca cmov pat pse36 clflush acpi mmx fxsr sse sse2 ht syscall nx pdpe1gb rdtscp lm constant_tsc rep_good nopl cpuid pni pclmulqdq ssse3 fma cx16 pcid sse4_1 sse4_2 x2apic movbe popcnt tsc_deadline_timer aes xsave avx f16c rdrand hypervisor lahf_lm abm 3dnowprefetch cpuid_fault invpcid_single pti intel_ppin ssbd ibrs ibpb stibp fsgsbase tsc_adjust bmi1 hle avx2 smep bmi2 erms invpcid rtm mpx rdseed adx smap clflushopt clwb xsaveopt xsavec xgetbv1 xsaves pku ospke flush_l1d
Online cpus:
0-15
Offline cpus:
16-127
BIOS frequency limitation:
<Not Available>
Frequency switch latency (ns):
<Not Available>
Available cpu frequencies:
<Not Available>
Current governor:
<Not Available>
Core performance/turbo boost:
<Not Available>

Memory: 4k page, physical 7942016k(1546132k free), swap 483800k(475864k free)

vm_info: OpenJDK 64-Bit Server VM (11.0.11+9-Ubuntu-0ubuntu2.18.04) for linux-amd64 JRE (11.0.11+9-Ubuntu-0ubuntu2.18.04), built on Apr 21 2021 09:15:32 by "unknown" with gcc 8.4.0

END.
