#
# There is insufficient memory for the Java Runtime Environment to continue.
# Native memory allocation (mmap) failed to map 3221225472 bytes for committing reserved memory.
# Possible reasons:
#   The system is out of physical RAM or swap space
#   The process is running with CompressedOops enabled, and the Java Heap may be blocking the growth of the native heap
# Possible solutions:
#   Reduce memory load on the system
#   Increase physical memory or swap space
#   Check if swap backing store is full
#   Decrease Java heap size (-Xmx/-Xms)
#   Decrease number of Java threads
#   Decrease Java thread stack sizes (-Xss)
#   Set larger code cache with -XX:ReservedCodeCacheSize=
# This output file may be truncated or incomplete.
#
#  Out of Memory Error (os_linux.cpp:2985), pid=106404, tid=106405
#
# JRE version:  (11.0.11+9) (build )
# Java VM: OpenJDK 64-Bit Server VM (11.0.11+9-Ubuntu-0ubuntu2.18.04, mixed mode, sharing, tiered, compressed oops, g1 gc, linux-amd64)
# Core dump will be written. Default location: Core dumps may be processed with "/usr/share/apport/apport %p %s %c %d %P %E" (or dumping to /home/alife/test/auxh3/025/atlantah3/core.106404)
#

---------------  S U M M A R Y ------------

Command Line: -Xms3G -Xmx3G -XX:+UseG1GC -XX:+UseG1GC -XX:MaxGCPauseMillis=200 -XX:ParallelGCThreads=20 -XX:ConcGCThreads=5 -XX:InitiatingHeapOccupancyPercent=70 networkrecoverysim.DataReplicationNodeFailingMain load atlanta.graph 100 0 FirstNeighbor atlanta.loc 50 replalgon NODELAY 0.25 4 nhopsinfo 3 3 0 FailIntv-0-25

Host: Intel(R) Xeon(R) Silver 4114 CPU @ 2.20GHz, 16 cores, 7G, Ubuntu 18.04.3 LTS
Time: Tue Dec 14 15:45:08 2021 -05 elapsed time: 0.007980 seconds (0d 0h 0m 0s)

---------------  T H R E A D  ---------------

Current thread (0x00007fcfdc016800):  JavaThread "Unknown thread" [_thread_in_vm, id=106405, stack(0x00007fcfe3cac000,0x00007fcfe3dad000)]

Stack: [0x00007fcfe3cac000,0x00007fcfe3dad000],  sp=0x00007fcfe3dab240,  free space=1020k
Native frames: (J=compiled Java code, A=aot compiled Java code, j=interpreted, Vv=VM code, C=native code)
V  [libjvm.so+0xe1c39a]
V  [libjvm.so+0xe1d04b]
V  [libjvm.so+0x649755]
V  [libjvm.so+0xb76a88]
V  [libjvm.so+0xb6cf2d]
V  [libjvm.so+0x76107f]
V  [libjvm.so+0x76142e]
V  [libjvm.so+0x76aac6]
V  [libjvm.so+0x7e31c4]
V  [libjvm.so+0x7e3dd0]
V  [libjvm.so+0x7e41e7]
V  [libjvm.so+0x71ed30]
V  [libjvm.so+0x71f431]
V  [libjvm.so+0xddf832]
V  [libjvm.so+0xddfaf6]
V  [libjvm.so+0x802fe7]
V  [libjvm.so+0xdb940a]
V  [libjvm.so+0x8a9661]  JNI_CreateJavaVM+0x51
C  [libjli.so+0x3a88]
C  [libjli.so+0x87ed]


---------------  P R O C E S S  ---------------

Threads class SMR info:
_java_thread_list=0x0000560344bb2540, length=0, elements={
}

Java Threads: ( => current thread )

Other Threads:
  0x00007fcfdc030800 GCTaskThread "GC Thread#0" [stack: 0x00007fcfc4487000,0x00007fcfc4587000] [id=106406]
  0x00007fcfdc07b000 ConcurrentGCThread "G1 Main Marker" [stack: 0x00007fcfb7b69000,0x00007fcfb7c69000] [id=106407]
  0x00007fcfdc07d000 ConcurrentGCThread "G1 Conc#0" [stack: 0x00007fcfb7a67000,0x00007fcfb7b67000] [id=106408]

[error occurred during error reporting (printing all threads), id 0xb, SIGSEGV (0xb) at pc=0x00007fcfe2252680]

VM state:not at safepoint (not fully initialized)

VM Mutex/Monitor currently owned by a thread:  ([mutex/lock_event])
[0x00007fcfdc013530] Heap_lock - owner thread: 0x00007fcfdc016800

Heap address: 0x0000000740000000, size: 3072 MB, Compressed Oops mode: Non-zero based: 0x0000000740000000
Narrow klass base: 0x0000000000000000, Narrow klass shift: 0

GC Heap History (0 events):
No events

Deoptimization events (0 events):
No events

Classes redefined (0 events):
No events

Internal exceptions (0 events):
No events

Events (2 events):
Event: 0.002 Protecting memory [0x00007fcfe3cac000,0x00007fcfe3cb0000] with protection modes 0
Event: 0.002 Loaded shared library /usr/lib/jvm/java-11-openjdk-amd64/lib/libzip.so


Dynamic libraries:
56034344c000-56034344d000 r-xp 00000000 ca:01 1841807                    /usr/lib/jvm/java-11-openjdk-amd64/bin/java
56034364d000-56034364e000 r--p 00001000 ca:01 1841807                    /usr/lib/jvm/java-11-openjdk-amd64/bin/java
56034364e000-56034364f000 rw-p 00002000 ca:01 1841807                    /usr/lib/jvm/java-11-openjdk-amd64/bin/java
560344b9a000-560344bbb000 rw-p 00000000 00:00 0                          [heap]
7fcfa8000000-7fcfa8021000 rw-p 00000000 00:00 0 
7fcfa8021000-7fcfac000000 ---p 00000000 00:00 0 
7fcfb0000000-7fcfb0021000 rw-p 00000000 00:00 0 
7fcfb0021000-7fcfb4000000 ---p 00000000 00:00 0 
7fcfb4651000-7fcfb7a65000 rw-p 00000000 00:00 0 
7fcfb7a65000-7fcfb7a66000 ---p 00000000 00:00 0 
7fcfb7a66000-7fcfb7b67000 rw-p 00000000 00:00 0 
7fcfb7b67000-7fcfb7b68000 ---p 00000000 00:00 0 
7fcfb7b68000-7fcfb7df0000 rw-p 00000000 00:00 0 
7fcfb7df0000-7fcfbeff0000 ---p 00000000 00:00 0 
7fcfbeff0000-7fcfc0000000 rw-p 00000000 00:00 0 
7fcfc0000000-7fcfc0021000 rw-p 00000000 00:00 0 
7fcfc0021000-7fcfc4000000 ---p 00000000 00:00 0 
7fcfc4081000-7fcfc4485000 rw-p 00000000 00:00 0 
7fcfc4485000-7fcfc4486000 ---p 00000000 00:00 0 
7fcfc4486000-7fcfc458c000 rw-p 00000000 00:00 0 
7fcfc458c000-7fcfc4670000 ---p 00000000 00:00 0 
7fcfc4670000-7fcfc48e0000 rwxp 00000000 00:00 0 
7fcfc48e0000-7fcfc4daf000 ---p 00000000 00:00 0 
7fcfc4daf000-7fcfc501f000 rwxp 00000000 00:00 0 
7fcfc501f000-7fcfcc20f000 ---p 00000000 00:00 0 
7fcfcc20f000-7fcfcc47f000 rwxp 00000000 00:00 0 
7fcfcc47f000-7fcfd3670000 ---p 00000000 00:00 0 
7fcfd3670000-7fcfd3677000 r-xp 00000000 ca:01 2098891                    /usr/lib/jvm/java-11-openjdk-amd64/lib/libzip.so
7fcfd3677000-7fcfd3876000 ---p 00007000 ca:01 2098891                    /usr/lib/jvm/java-11-openjdk-amd64/lib/libzip.so
7fcfd3876000-7fcfd3877000 r--p 00006000 ca:01 2098891                    /usr/lib/jvm/java-11-openjdk-amd64/lib/libzip.so
7fcfd3877000-7fcfd3878000 rw-p 00007000 ca:01 2098891                    /usr/lib/jvm/java-11-openjdk-amd64/lib/libzip.so
7fcfd3878000-7fcfdc000000 r--s 00000000 ca:01 2098892                    /usr/lib/jvm/java-11-openjdk-amd64/lib/modules
7fcfdc000000-7fcfdc0da000 rw-p 00000000 00:00 0 
7fcfdc0da000-7fcfe0000000 ---p 00000000 00:00 0 
7fcfe0068000-7fcfe006d000 rw-p 00000000 00:00 0 
7fcfe006d000-7fcfe0151000 ---p 00000000 00:00 0 
7fcfe0151000-7fcfe015c000 r-xp 00000000 ca:01 405012                     /lib/x86_64-linux-gnu/libnss_files-2.27.so
7fcfe015c000-7fcfe035b000 ---p 0000b000 ca:01 405012                     /lib/x86_64-linux-gnu/libnss_files-2.27.so
7fcfe035b000-7fcfe035c000 r--p 0000a000 ca:01 405012                     /lib/x86_64-linux-gnu/libnss_files-2.27.so
7fcfe035c000-7fcfe035d000 rw-p 0000b000 ca:01 405012                     /lib/x86_64-linux-gnu/libnss_files-2.27.so
7fcfe035d000-7fcfe0363000 rw-p 00000000 00:00 0 
7fcfe0363000-7fcfe037a000 r-xp 00000000 ca:01 402665                     /lib/x86_64-linux-gnu/libnsl-2.27.so
7fcfe037a000-7fcfe0579000 ---p 00017000 ca:01 402665                     /lib/x86_64-linux-gnu/libnsl-2.27.so
7fcfe0579000-7fcfe057a000 r--p 00016000 ca:01 402665                     /lib/x86_64-linux-gnu/libnsl-2.27.so
7fcfe057a000-7fcfe057b000 rw-p 00017000 ca:01 402665                     /lib/x86_64-linux-gnu/libnsl-2.27.so
7fcfe057b000-7fcfe057d000 rw-p 00000000 00:00 0 
7fcfe057d000-7fcfe0588000 r-xp 00000000 ca:01 405016                     /lib/x86_64-linux-gnu/libnss_nis-2.27.so
7fcfe0588000-7fcfe0787000 ---p 0000b000 ca:01 405016                     /lib/x86_64-linux-gnu/libnss_nis-2.27.so
7fcfe0787000-7fcfe0788000 r--p 0000a000 ca:01 405016                     /lib/x86_64-linux-gnu/libnss_nis-2.27.so
7fcfe0788000-7fcfe0789000 rw-p 0000b000 ca:01 405016                     /lib/x86_64-linux-gnu/libnss_nis-2.27.so
7fcfe0789000-7fcfe0791000 r-xp 00000000 ca:01 402666                     /lib/x86_64-linux-gnu/libnss_compat-2.27.so
7fcfe0791000-7fcfe0991000 ---p 00008000 ca:01 402666                     /lib/x86_64-linux-gnu/libnss_compat-2.27.so
7fcfe0991000-7fcfe0992000 r--p 00008000 ca:01 402666                     /lib/x86_64-linux-gnu/libnss_compat-2.27.so
7fcfe0992000-7fcfe0993000 rw-p 00009000 ca:01 402666                     /lib/x86_64-linux-gnu/libnss_compat-2.27.so
7fcfe0993000-7fcfe0998000 r-xp 00000000 ca:01 2098874                    /usr/lib/jvm/java-11-openjdk-amd64/lib/libjimage.so
7fcfe0998000-7fcfe0b97000 ---p 00005000 ca:01 2098874                    /usr/lib/jvm/java-11-openjdk-amd64/lib/libjimage.so
7fcfe0b97000-7fcfe0b98000 r--p 00004000 ca:01 2098874                    /usr/lib/jvm/java-11-openjdk-amd64/lib/libjimage.so
7fcfe0b98000-7fcfe0b99000 rw-p 00005000 ca:01 2098874                    /usr/lib/jvm/java-11-openjdk-amd64/lib/libjimage.so
7fcfe0b99000-7fcfe0bc1000 r-xp 00000000 ca:01 2098871                    /usr/lib/jvm/java-11-openjdk-amd64/lib/libjava.so
7fcfe0bc1000-7fcfe0dc1000 ---p 00028000 ca:01 2098871                    /usr/lib/jvm/java-11-openjdk-amd64/lib/libjava.so
7fcfe0dc1000-7fcfe0dc2000 r--p 00028000 ca:01 2098871                    /usr/lib/jvm/java-11-openjdk-amd64/lib/libjava.so
7fcfe0dc2000-7fcfe0dc3000 rw-p 00029000 ca:01 2098871                    /usr/lib/jvm/java-11-openjdk-amd64/lib/libjava.so
7fcfe0dc3000-7fcfe0dc4000 rw-p 00000000 00:00 0 
7fcfe0dc4000-7fcfe0dd1000 r-xp 00000000 ca:01 2098890                    /usr/lib/jvm/java-11-openjdk-amd64/lib/libverify.so
7fcfe0dd1000-7fcfe0fd0000 ---p 0000d000 ca:01 2098890                    /usr/lib/jvm/java-11-openjdk-amd64/lib/libverify.so
7fcfe0fd0000-7fcfe0fd2000 r--p 0000c000 ca:01 2098890                    /usr/lib/jvm/java-11-openjdk-amd64/lib/libverify.so
7fcfe0fd2000-7fcfe0fd3000 rw-p 0000e000 ca:01 2098890                    /usr/lib/jvm/java-11-openjdk-amd64/lib/libverify.so
7fcfe0fd3000-7fcfe0fda000 r-xp 00000000 ca:01 405026                     /lib/x86_64-linux-gnu/librt-2.27.so
7fcfe0fda000-7fcfe11d9000 ---p 00007000 ca:01 405026                     /lib/x86_64-linux-gnu/librt-2.27.so
7fcfe11d9000-7fcfe11da000 r--p 00006000 ca:01 405026                     /lib/x86_64-linux-gnu/librt-2.27.so
7fcfe11da000-7fcfe11db000 rw-p 00007000 ca:01 405026                     /lib/x86_64-linux-gnu/librt-2.27.so
7fcfe11db000-7fcfe11f2000 r-xp 00000000 ca:01 402389                     /lib/x86_64-linux-gnu/libgcc_s.so.1
7fcfe11f2000-7fcfe13f1000 ---p 00017000 ca:01 402389                     /lib/x86_64-linux-gnu/libgcc_s.so.1
7fcfe13f1000-7fcfe13f2000 r--p 00016000 ca:01 402389                     /lib/x86_64-linux-gnu/libgcc_s.so.1
7fcfe13f2000-7fcfe13f3000 rw-p 00017000 ca:01 402389                     /lib/x86_64-linux-gnu/libgcc_s.so.1
7fcfe13f3000-7fcfe1590000 r-xp 00000000 ca:01 402662                     /lib/x86_64-linux-gnu/libm-2.27.so
7fcfe1590000-7fcfe178f000 ---p 0019d000 ca:01 402662                     /lib/x86_64-linux-gnu/libm-2.27.so
7fcfe178f000-7fcfe1790000 r--p 0019c000 ca:01 402662                     /lib/x86_64-linux-gnu/libm-2.27.so
7fcfe1790000-7fcfe1791000 rw-p 0019d000 ca:01 402662                     /lib/x86_64-linux-gnu/libm-2.27.so
7fcfe1791000-7fcfe190a000 r-xp 00000000 ca:01 394211                     /usr/lib/x86_64-linux-gnu/libstdc++.so.6.0.25
7fcfe190a000-7fcfe1b0a000 ---p 00179000 ca:01 394211                     /usr/lib/x86_64-linux-gnu/libstdc++.so.6.0.25
7fcfe1b0a000-7fcfe1b14000 r--p 00179000 ca:01 394211                     /usr/lib/x86_64-linux-gnu/libstdc++.so.6.0.25
7fcfe1b14000-7fcfe1b16000 rw-p 00183000 ca:01 394211                     /usr/lib/x86_64-linux-gnu/libstdc++.so.6.0.25
7fcfe1b16000-7fcfe1b1a000 rw-p 00000000 00:00 0 
7fcfe1b1a000-7fcfe2c02000 r-xp 00000000 ca:01 2098897                    /usr/lib/jvm/java-11-openjdk-amd64/lib/server/libjvm.so
7fcfe2c02000-7fcfe2e01000 ---p 010e8000 ca:01 2098897                    /usr/lib/jvm/java-11-openjdk-amd64/lib/server/libjvm.so
7fcfe2e01000-7fcfe2ec2000 r--p 010e7000 ca:01 2098897                    /usr/lib/jvm/java-11-openjdk-amd64/lib/server/libjvm.so
7fcfe2ec2000-7fcfe2efd000 rw-p 011a8000 ca:01 2098897                    /usr/lib/jvm/java-11-openjdk-amd64/lib/server/libjvm.so
7fcfe2efd000-7fcfe2f54000 rw-p 00000000 00:00 0 
7fcfe2f54000-7fcfe2f6e000 r-xp 00000000 ca:01 405022                     /lib/x86_64-linux-gnu/libpthread-2.27.so
7fcfe2f6e000-7fcfe316d000 ---p 0001a000 ca:01 405022                     /lib/x86_64-linux-gnu/libpthread-2.27.so
7fcfe316d000-7fcfe316e000 r--p 00019000 ca:01 405022                     /lib/x86_64-linux-gnu/libpthread-2.27.so
7fcfe316e000-7fcfe316f000 rw-p 0001a000 ca:01 405022                     /lib/x86_64-linux-gnu/libpthread-2.27.so
7fcfe316f000-7fcfe3173000 rw-p 00000000 00:00 0 
7fcfe3173000-7fcfe3176000 r-xp 00000000 ca:01 402661                     /lib/x86_64-linux-gnu/libdl-2.27.so
7fcfe3176000-7fcfe3375000 ---p 00003000 ca:01 402661                     /lib/x86_64-linux-gnu/libdl-2.27.so
7fcfe3375000-7fcfe3376000 r--p 00002000 ca:01 402661                     /lib/x86_64-linux-gnu/libdl-2.27.so
7fcfe3376000-7fcfe3377000 rw-p 00003000 ca:01 402661                     /lib/x86_64-linux-gnu/libdl-2.27.so
7fcfe3377000-7fcfe3393000 r-xp 00000000 ca:01 396228                     /lib/x86_64-linux-gnu/libz.so.1.2.11
7fcfe3393000-7fcfe3592000 ---p 0001c000 ca:01 396228                     /lib/x86_64-linux-gnu/libz.so.1.2.11
7fcfe3592000-7fcfe3593000 r--p 0001b000 ca:01 396228                     /lib/x86_64-linux-gnu/libz.so.1.2.11
7fcfe3593000-7fcfe3594000 rw-p 0001c000 ca:01 396228                     /lib/x86_64-linux-gnu/libz.so.1.2.11
7fcfe3594000-7fcfe377b000 r-xp 00000000 ca:01 402655                     /lib/x86_64-linux-gnu/libc-2.27.so
7fcfe377b000-7fcfe397b000 ---p 001e7000 ca:01 402655                     /lib/x86_64-linux-gnu/libc-2.27.so
7fcfe397b000-7fcfe397f000 r--p 001e7000 ca:01 402655                     /lib/x86_64-linux-gnu/libc-2.27.so
7fcfe397f000-7fcfe3981000 rw-p 001eb000 ca:01 402655                     /lib/x86_64-linux-gnu/libc-2.27.so
7fcfe3981000-7fcfe3985000 rw-p 00000000 00:00 0 
7fcfe3985000-7fcfe3994000 r-xp 00000000 ca:01 2098856                    /usr/lib/jvm/java-11-openjdk-amd64/lib/jli/libjli.so
7fcfe3994000-7fcfe3b93000 ---p 0000f000 ca:01 2098856                    /usr/lib/jvm/java-11-openjdk-amd64/lib/jli/libjli.so
7fcfe3b93000-7fcfe3b94000 r--p 0000e000 ca:01 2098856                    /usr/lib/jvm/java-11-openjdk-amd64/lib/jli/libjli.so
7fcfe3b94000-7fcfe3b95000 rw-p 0000f000 ca:01 2098856                    /usr/lib/jvm/java-11-openjdk-amd64/lib/jli/libjli.so
7fcfe3b95000-7fcfe3bbc000 r-xp 00000000 ca:01 402647                     /lib/x86_64-linux-gnu/ld-2.27.so
7fcfe3c9b000-7fcfe3ca0000 rw-p 00000000 00:00 0 
7fcfe3ca0000-7fcfe3caa000 ---p 00000000 00:00 0 
7fcfe3caa000-7fcfe3cac000 r--s 00007000 ca:01 132074                     /usr/share/java/java-atk-wrapper.jar
7fcfe3cac000-7fcfe3cb0000 ---p 00000000 00:00 0 
7fcfe3cb0000-7fcfe3daf000 rw-p 00000000 00:00 0 
7fcfe3db0000-7fcfe3db8000 rw-s 00000000 ca:01 524346                     /tmp/hsperfdata_alife/106404
7fcfe3db8000-7fcfe3db9000 ---p 00000000 00:00 0 
7fcfe3db9000-7fcfe3dba000 r--p 00000000 00:00 0 
7fcfe3dba000-7fcfe3dbc000 rw-p 00000000 00:00 0 
7fcfe3dbc000-7fcfe3dbd000 r--p 00027000 ca:01 402647                     /lib/x86_64-linux-gnu/ld-2.27.so
7fcfe3dbd000-7fcfe3dbe000 rw-p 00028000 ca:01 402647                     /lib/x86_64-linux-gnu/ld-2.27.so
7fcfe3dbe000-7fcfe3dbf000 rw-p 00000000 00:00 0 
7ffeec7f3000-7ffeec814000 rw-p 00000000 00:00 0                          [stack]
7ffeec873000-7ffeec876000 r--p 00000000 00:00 0                          [vvar]
7ffeec876000-7ffeec878000 r-xp 00000000 00:00 0                          [vdso]
ffffffffff600000-ffffffffff601000 r-xp 00000000 00:00 0                  [vsyscall]


VM Arguments:
jvm_args: -Xms3G -Xmx3G -XX:+UseG1GC -XX:+UseG1GC -XX:MaxGCPauseMillis=200 -XX:ParallelGCThreads=20 -XX:ConcGCThreads=5 -XX:InitiatingHeapOccupancyPercent=70 
java_command: networkrecoverysim.DataReplicationNodeFailingMain load atlanta.graph 100 0 FirstNeighbor atlanta.loc 50 replalgon NODELAY 0.25 4 nhopsinfo 3 3 0 FailIntv-0-25
java_class_path (initial): dist/NetworkRecoverySim.jar
Launcher Type: SUN_STANDARD

[Global flags]
     intx CICompilerCount                          = 12                                        {product} {ergonomic}
     uint ConcGCThreads                            = 5                                         {product} {command line}
     uint G1ConcRefinementThreads                  = 20                                        {product} {ergonomic}
   size_t G1HeapRegionSize                         = 1048576                                   {product} {ergonomic}
    uintx GCDrainStackTargetSize                   = 64                                        {product} {ergonomic}
   size_t InitialHeapSize                          = 3221225472                                {product} {command line}
    uintx InitiatingHeapOccupancyPercent           = 70                                        {product} {command line}
   size_t MarkStackSize                            = 4194304                                   {product} {ergonomic}
    uintx MaxGCPauseMillis                         = 200                                       {product} {command line}
   size_t MaxHeapSize                              = 3221225472                                {product} {command line}
   size_t MinHeapDeltaBytes                        = 1048576                                   {product} {ergonomic}
    uintx NonNMethodCodeHeapSize                   = 7594288                                {pd product} {ergonomic}
    uintx NonProfiledCodeHeapSize                  = 122031976                              {pd product} {ergonomic}
     uint ParallelGCThreads                        = 20                                        {product} {command line}
    uintx ProfiledCodeHeapSize                     = 122031976                              {pd product} {ergonomic}
    uintx ReservedCodeCacheSize                    = 251658240                              {pd product} {ergonomic}
     bool SegmentedCodeCache                       = true                                      {product} {ergonomic}
     bool UseCompressedClassPointers               = true                                 {lp64_product} {ergonomic}
     bool UseCompressedOops                        = true                                 {lp64_product} {ergonomic}
     bool UseG1GC                                  = true                                      {product} {command line}

Logging:
Log output configuration:
 #0: stdout all=warning uptime,level,tags
 #1: stderr all=off uptime,level,tags

Environment Variables:
PATH=/home/alife/.local/bin:/usr/local/sbin:/usr/local/bin:/usr/sbin:/usr/bin:/sbin:/bin:/usr/games:/usr/local/games:/snap/bin
SHELL=/bin/bash
LANG=es_CO.UTF-8

Signal Handlers:
SIGSEGV: [libjvm.so+0xe1d0a0], sa_mask[0]=11111111011111111101111111111110, sa_flags=SA_RESTART|SA_SIGINFO
SIGBUS: [libjvm.so+0xe1d0a0], sa_mask[0]=11111111011111111101111111111110, sa_flags=SA_RESTART|SA_SIGINFO
SIGFPE: [libjvm.so+0xe1d0a0], sa_mask[0]=11111111011111111101111111111110, sa_flags=SA_RESTART|SA_SIGINFO
SIGPIPE: [libjvm.so+0xb717f0], sa_mask[0]=11111111011111111101111111111110, sa_flags=SA_RESTART|SA_SIGINFO
SIGXFSZ: [libjvm.so+0xb717f0], sa_mask[0]=11111111011111111101111111111110, sa_flags=SA_RESTART|SA_SIGINFO
SIGILL: [libjvm.so+0xe1d0a0], sa_mask[0]=11111111011111111101111111111110, sa_flags=SA_RESTART|SA_SIGINFO
SIGUSR2: [libjvm.so+0xb71680], sa_mask[0]=00000000000000000000000000000000, sa_flags=SA_RESTART|SA_SIGINFO
SIGHUP: SIG_DFL, sa_mask[0]=00000000000000000000000000000000, sa_flags=none
SIGINT: SIG_DFL, sa_mask[0]=00000000000000000000000000000000, sa_flags=none
SIGTERM: SIG_DFL, sa_mask[0]=00000000000000000000000000000000, sa_flags=none
SIGQUIT: SIG_DFL, sa_mask[0]=00000000000000000000000000000000, sa_flags=none


---------------  S Y S T E M  ---------------

OS:DISTRIB_ID=Ubuntu
DISTRIB_RELEASE=18.04
DISTRIB_CODENAME=bionic
DISTRIB_DESCRIPTION="Ubuntu 18.04.3 LTS"
uname:Linux 4.15.0-143-generic #147-Ubuntu SMP Wed Apr 14 16:10:11 UTC 2021 x86_64
OS uptime: 62 days 3:45 hours
libc:glibc 2.27 NPTL 2.27 
rlimit (soft/hard): STACK 8192k/infinity , CORE 0k/infinity , NPROC 30771/30771 , NOFILE 1048576/1048576 , AS infinity/infinity , CPU infinity/infinity , DATA infinity/infinity , FSIZE infinity/infinity , MEMLOCK 65536k/65536k
load average:24.90 24.28 14.98

/proc/meminfo:
MemTotal:        7942016 kB
MemFree:         2018096 kB
MemAvailable:    2468332 kB
Buffers:          204976 kB
Cached:           359796 kB
SwapCached:          204 kB
Active:          5011868 kB
Inactive:         369480 kB
Active(anon):    4746088 kB
Inactive(anon):    69640 kB
Active(file):     265780 kB
Inactive(file):   299840 kB
Unevictable:           0 kB
Mlocked:               0 kB
SwapTotal:        483800 kB
SwapFree:         477656 kB
Dirty:              1488 kB
Writeback:           100 kB
AnonPages:       4816372 kB
Mapped:           145492 kB
Shmem:               208 kB
Slab:             366808 kB
SReclaimable:     186332 kB
SUnreclaim:       180476 kB
KernelStack:       28752 kB
PageTables:        21548 kB
NFS_Unstable:          0 kB
Bounce:                0 kB
WritebackTmp:          0 kB
CommitLimit:     4454808 kB
Committed_AS:   12744496 kB
VmallocTotal:   34359738367 kB
VmallocUsed:           0 kB
VmallocChunk:          0 kB
HardwareCorrupted:     0 kB
AnonHugePages:         0 kB
ShmemHugePages:        0 kB
ShmemPmdMapped:        0 kB
CmaTotal:              0 kB
CmaFree:               0 kB
HugePages_Total:       0
HugePages_Free:        0
HugePages_Rsvd:        0
HugePages_Surp:        0
Hugepagesize:       2048 kB
DirectMap4k:      483328 kB
DirectMap2M:     7700480 kB
DirectMap1G:     1048576 kB

/sys/kernel/mm/transparent_hugepage/enabled:
always [madvise] never
/sys/kernel/mm/transparent_hugepage/defrag (defrag/compaction efforts parameter):
always defer defer+madvise [madvise] never

Process Memory:
Virtual Size: 907196K (peak: 4065132K)
Resident Set Size: 15208K (peak: 15208K) (anon: 2184K, file: 13024K, shmem: 0K)
Swapped out: 0K
C-Heap outstanding allocations: 980K

/proc/sys/kernel/threads-max (system-wide limit on the number of threads):
61542
/proc/sys/vm/max_map_count (maximum number of memory map areas a process may have):
65530
/proc/sys/kernel/pid_max (system-wide limit on number of process identifiers):
131072

container (cgroup) information:
container_type: cgroupv1
cpu_cpuset_cpus: 0-15
cpu_memory_nodes: 0
active_processor_count: 16
cpu_quota: -1
cpu_period: 100000
cpu_shares: -1
memory_limit_in_bytes: -1
memory_and_swap_limit_in_bytes: -2
memory_soft_limit_in_bytes: -1
memory_usage_in_bytes: 5153746944
memory_max_usage_in_bytes: 7086039040

Xen hardware-assisted virtualization detected
Steal ticks since vm start: 0
Steal ticks percentage since vm start:  0.000

CPU:total 16 (initial active 16) (2 cores per cpu, 1 threads per core) family 6 model 85 stepping 4 microcode 0x2000050, cmov, cx8, fxsr, mmx, sse, sse2, sse3, ssse3, sse4.1, sse4.2, popcnt, avx, avx2, aes, clmul, erms, rtm, 3dnowpref, lzcnt, tsc, bmi1, bmi2, adx, fma
CPU Model and flags from /proc/cpuinfo:
model name	: Intel(R) Xeon(R) Silver 4114 CPU @ 2.20GHz
flags		: fpu vme de pse tsc msr pae mce cx8 apic sep mtrr pge mca cmov pat pse36 clflush acpi mmx fxsr sse sse2 ht syscall nx pdpe1gb rdtscp lm constant_tsc rep_good nopl cpuid pni pclmulqdq ssse3 fma cx16 pcid sse4_1 sse4_2 x2apic movbe popcnt tsc_deadline_timer aes xsave avx f16c rdrand hypervisor lahf_lm abm 3dnowprefetch cpuid_fault invpcid_single pti intel_ppin ssbd ibrs ibpb stibp fsgsbase tsc_adjust bmi1 hle avx2 smep bmi2 erms invpcid rtm mpx rdseed adx smap clflushopt clwb xsaveopt xsavec xgetbv1 xsaves pku ospke flush_l1d
Online cpus:
0-15
Offline cpus:
16-127
BIOS frequency limitation:
<Not Available>
Frequency switch latency (ns):
<Not Available>
Available cpu frequencies:
<Not Available>
Current governor:
<Not Available>
Core performance/turbo boost:
<Not Available>

Memory: 4k page, physical 7942016k(2018096k free), swap 483800k(477656k free)

vm_info: OpenJDK 64-Bit Server VM (11.0.11+9-Ubuntu-0ubuntu2.18.04) for linux-amd64 JRE (11.0.11+9-Ubuntu-0ubuntu2.18.04), built on Apr 21 2021 09:15:32 by "unknown" with gcc 8.4.0

END.
