#
# There is insufficient memory for the Java Runtime Environment to continue.
# Native memory allocation (mmap) failed to map 3221225472 bytes for committing reserved memory.
# Possible reasons:
#   The system is out of physical RAM or swap space
#   The process is running with CompressedOops enabled, and the Java Heap may be blocking the growth of the native heap
# Possible solutions:
#   Reduce memory load on the system
#   Increase physical memory or swap space
#   Check if swap backing store is full
#   Decrease Java heap size (-Xmx/-Xms)
#   Decrease number of Java threads
#   Decrease Java thread stack sizes (-Xss)
#   Set larger code cache with -XX:ReservedCodeCacheSize=
# This output file may be truncated or incomplete.
#
#  Out of Memory Error (os_linux.cpp:2985), pid=110156, tid=110158
#
# JRE version:  (11.0.11+9) (build )
# Java VM: OpenJDK 64-Bit Server VM (11.0.11+9-Ubuntu-0ubuntu2.18.04, mixed mode, sharing, tiered, compressed oops, g1 gc, linux-amd64)
# Core dump will be written. Default location: Core dumps may be processed with "/usr/share/apport/apport %p %s %c %d %P %E" (or dumping to /home/alife/test/auxh3/025/atlantah3/core.110156)
#

---------------  S U M M A R Y ------------

Command Line: -Xms3G -Xmx3G -XX:+UseG1GC -XX:+UseG1GC -XX:MaxGCPauseMillis=200 -XX:ParallelGCThreads=20 -XX:ConcGCThreads=5 -XX:InitiatingHeapOccupancyPercent=70 networkrecoverysim.DataReplicationNodeFailingMain load atlanta.graph 100 0 FirstNeighbor atlanta.loc 50 replalgon NODELAY 0.25 4 nhopsinfo 3 3 0 FailIntv-0-25

Host: Intel(R) Xeon(R) Silver 4114 CPU @ 2.20GHz, 16 cores, 7G, Ubuntu 18.04.3 LTS
Time: Tue Dec 14 17:12:25 2021 -05 elapsed time: 0.005468 seconds (0d 0h 0m 0s)

---------------  T H R E A D  ---------------

Current thread (0x00007fc1d0016800):  JavaThread "Unknown thread" [_thread_in_vm, id=110158, stack(0x00007fc1d7e29000,0x00007fc1d7f2a000)]

Stack: [0x00007fc1d7e29000,0x00007fc1d7f2a000],  sp=0x00007fc1d7f28240,  free space=1020k
Native frames: (J=compiled Java code, A=aot compiled Java code, j=interpreted, Vv=VM code, C=native code)
V  [libjvm.so+0xe1c39a]
V  [libjvm.so+0xe1d04b]
V  [libjvm.so+0x649755]
V  [libjvm.so+0xb76a88]
V  [libjvm.so+0xb6cf2d]
V  [libjvm.so+0x76107f]
V  [libjvm.so+0x76142e]
V  [libjvm.so+0x76aac6]
V  [libjvm.so+0x7e31c4]
V  [libjvm.so+0x7e3dd0]
V  [libjvm.so+0x7e41e7]
V  [libjvm.so+0x71ed30]
V  [libjvm.so+0x71f431]
V  [libjvm.so+0xddf832]
V  [libjvm.so+0xddfaf6]
V  [libjvm.so+0x802fe7]
V  [libjvm.so+0xdb940a]
V  [libjvm.so+0x8a9661]  JNI_CreateJavaVM+0x51
C  [libjli.so+0x3a88]
C  [libjli.so+0x87ed]


---------------  P R O C E S S  ---------------

Threads class SMR info:
_java_thread_list=0x0000564d98a73540, length=0, elements={
}

Java Threads: ( => current thread )

Other Threads:
  0x00007fc1d0030800 GCTaskThread "GC Thread#0" [stack: 0x00007fc1b85a6000,0x00007fc1b86a6000] [id=110159]
  0x00007fc1d007b000 ConcurrentGCThread "G1 Main Marker" [stack: 0x00007fc1abc6a000,0x00007fc1abd6a000] [id=110160]
  0x00007fc1d007d000 ConcurrentGCThread "G1 Conc#0" [stack: 0x00007fc1abb68000,0x00007fc1abc68000] [id=110161]

[error occurred during error reporting (printing all threads), id 0xb, SIGSEGV (0xb) at pc=0x00007fc1d63cf680]

VM state:not at safepoint (not fully initialized)

VM Mutex/Monitor currently owned by a thread:  ([mutex/lock_event])
[0x00007fc1d0013530] Heap_lock - owner thread: 0x00007fc1d0016800

Heap address: 0x0000000740000000, size: 3072 MB, Compressed Oops mode: Non-zero based: 0x0000000740000000
Narrow klass base: 0x0000000000000000, Narrow klass shift: 0

GC Heap History (0 events):
No events

Deoptimization events (0 events):
No events

Classes redefined (0 events):
No events

Internal exceptions (0 events):
No events

Events (2 events):
Event: 0.002 Protecting memory [0x00007fc1d7e29000,0x00007fc1d7e2d000] with protection modes 0
Event: 0.002 Loaded shared library /usr/lib/jvm/java-11-openjdk-amd64/lib/libzip.so


Dynamic libraries:
564d985df000-564d985e0000 r-xp 00000000 ca:01 1841807                    /usr/lib/jvm/java-11-openjdk-amd64/bin/java
564d987e0000-564d987e1000 r--p 00001000 ca:01 1841807                    /usr/lib/jvm/java-11-openjdk-amd64/bin/java
564d987e1000-564d987e2000 rw-p 00002000 ca:01 1841807                    /usr/lib/jvm/java-11-openjdk-amd64/bin/java
564d98a5b000-564d98a7c000 rw-p 00000000 00:00 0                          [heap]
7fc19c000000-7fc19c021000 rw-p 00000000 00:00 0 
7fc19c021000-7fc1a0000000 ---p 00000000 00:00 0 
7fc1a4000000-7fc1a4021000 rw-p 00000000 00:00 0 
7fc1a4021000-7fc1a8000000 ---p 00000000 00:00 0 
7fc1a8752000-7fc1abb66000 rw-p 00000000 00:00 0 
7fc1abb66000-7fc1abb67000 ---p 00000000 00:00 0 
7fc1abb67000-7fc1abc68000 rw-p 00000000 00:00 0 
7fc1abc68000-7fc1abc69000 ---p 00000000 00:00 0 
7fc1abc69000-7fc1abef1000 rw-p 00000000 00:00 0 
7fc1abef1000-7fc1b30f1000 ---p 00000000 00:00 0 
7fc1b30f1000-7fc1b4000000 rw-p 00000000 00:00 0 
7fc1b4000000-7fc1b4021000 rw-p 00000000 00:00 0 
7fc1b4021000-7fc1b8000000 ---p 00000000 00:00 0 
7fc1b809f000-7fc1b85a4000 rw-p 00000000 00:00 0 
7fc1b85a4000-7fc1b85a5000 ---p 00000000 00:00 0 
7fc1b85a5000-7fc1b86ab000 rw-p 00000000 00:00 0 
7fc1b86ab000-7fc1b878f000 ---p 00000000 00:00 0 
7fc1b878f000-7fc1b8794000 rw-p 00000000 00:00 0 
7fc1b8794000-7fc1b8878000 ---p 00000000 00:00 0 
7fc1b8878000-7fc1b8ae8000 rwxp 00000000 00:00 0 
7fc1b8ae8000-7fc1b8fb7000 ---p 00000000 00:00 0 
7fc1b8fb7000-7fc1b9227000 rwxp 00000000 00:00 0 
7fc1b9227000-7fc1c0417000 ---p 00000000 00:00 0 
7fc1c0417000-7fc1c0687000 rwxp 00000000 00:00 0 
7fc1c0687000-7fc1c7878000 ---p 00000000 00:00 0 
7fc1c7878000-7fc1d0000000 r--s 00000000 ca:01 2098892                    /usr/lib/jvm/java-11-openjdk-amd64/lib/modules
7fc1d0000000-7fc1d00da000 rw-p 00000000 00:00 0 
7fc1d00da000-7fc1d4000000 ---p 00000000 00:00 0 
7fc1d40c6000-7fc1d40cd000 r-xp 00000000 ca:01 2098891                    /usr/lib/jvm/java-11-openjdk-amd64/lib/libzip.so
7fc1d40cd000-7fc1d42cc000 ---p 00007000 ca:01 2098891                    /usr/lib/jvm/java-11-openjdk-amd64/lib/libzip.so
7fc1d42cc000-7fc1d42cd000 r--p 00006000 ca:01 2098891                    /usr/lib/jvm/java-11-openjdk-amd64/lib/libzip.so
7fc1d42cd000-7fc1d42ce000 rw-p 00007000 ca:01 2098891                    /usr/lib/jvm/java-11-openjdk-amd64/lib/libzip.so
7fc1d42ce000-7fc1d42d9000 r-xp 00000000 ca:01 405012                     /lib/x86_64-linux-gnu/libnss_files-2.27.so
7fc1d42d9000-7fc1d44d8000 ---p 0000b000 ca:01 405012                     /lib/x86_64-linux-gnu/libnss_files-2.27.so
7fc1d44d8000-7fc1d44d9000 r--p 0000a000 ca:01 405012                     /lib/x86_64-linux-gnu/libnss_files-2.27.so
7fc1d44d9000-7fc1d44da000 rw-p 0000b000 ca:01 405012                     /lib/x86_64-linux-gnu/libnss_files-2.27.so
7fc1d44da000-7fc1d44e0000 rw-p 00000000 00:00 0 
7fc1d44e0000-7fc1d44f7000 r-xp 00000000 ca:01 402665                     /lib/x86_64-linux-gnu/libnsl-2.27.so
7fc1d44f7000-7fc1d46f6000 ---p 00017000 ca:01 402665                     /lib/x86_64-linux-gnu/libnsl-2.27.so
7fc1d46f6000-7fc1d46f7000 r--p 00016000 ca:01 402665                     /lib/x86_64-linux-gnu/libnsl-2.27.so
7fc1d46f7000-7fc1d46f8000 rw-p 00017000 ca:01 402665                     /lib/x86_64-linux-gnu/libnsl-2.27.so
7fc1d46f8000-7fc1d46fa000 rw-p 00000000 00:00 0 
7fc1d46fa000-7fc1d4705000 r-xp 00000000 ca:01 405016                     /lib/x86_64-linux-gnu/libnss_nis-2.27.so
7fc1d4705000-7fc1d4904000 ---p 0000b000 ca:01 405016                     /lib/x86_64-linux-gnu/libnss_nis-2.27.so
7fc1d4904000-7fc1d4905000 r--p 0000a000 ca:01 405016                     /lib/x86_64-linux-gnu/libnss_nis-2.27.so
7fc1d4905000-7fc1d4906000 rw-p 0000b000 ca:01 405016                     /lib/x86_64-linux-gnu/libnss_nis-2.27.so
7fc1d4906000-7fc1d490e000 r-xp 00000000 ca:01 402666                     /lib/x86_64-linux-gnu/libnss_compat-2.27.so
7fc1d490e000-7fc1d4b0e000 ---p 00008000 ca:01 402666                     /lib/x86_64-linux-gnu/libnss_compat-2.27.so
7fc1d4b0e000-7fc1d4b0f000 r--p 00008000 ca:01 402666                     /lib/x86_64-linux-gnu/libnss_compat-2.27.so
7fc1d4b0f000-7fc1d4b10000 rw-p 00009000 ca:01 402666                     /lib/x86_64-linux-gnu/libnss_compat-2.27.so
7fc1d4b10000-7fc1d4b15000 r-xp 00000000 ca:01 2098874                    /usr/lib/jvm/java-11-openjdk-amd64/lib/libjimage.so
7fc1d4b15000-7fc1d4d14000 ---p 00005000 ca:01 2098874                    /usr/lib/jvm/java-11-openjdk-amd64/lib/libjimage.so
7fc1d4d14000-7fc1d4d15000 r--p 00004000 ca:01 2098874                    /usr/lib/jvm/java-11-openjdk-amd64/lib/libjimage.so
7fc1d4d15000-7fc1d4d16000 rw-p 00005000 ca:01 2098874                    /usr/lib/jvm/java-11-openjdk-amd64/lib/libjimage.so
7fc1d4d16000-7fc1d4d3e000 r-xp 00000000 ca:01 2098871                    /usr/lib/jvm/java-11-openjdk-amd64/lib/libjava.so
7fc1d4d3e000-7fc1d4f3e000 ---p 00028000 ca:01 2098871                    /usr/lib/jvm/java-11-openjdk-amd64/lib/libjava.so
7fc1d4f3e000-7fc1d4f3f000 r--p 00028000 ca:01 2098871                    /usr/lib/jvm/java-11-openjdk-amd64/lib/libjava.so
7fc1d4f3f000-7fc1d4f40000 rw-p 00029000 ca:01 2098871                    /usr/lib/jvm/java-11-openjdk-amd64/lib/libjava.so
7fc1d4f40000-7fc1d4f41000 rw-p 00000000 00:00 0 
7fc1d4f41000-7fc1d4f4e000 r-xp 00000000 ca:01 2098890                    /usr/lib/jvm/java-11-openjdk-amd64/lib/libverify.so
7fc1d4f4e000-7fc1d514d000 ---p 0000d000 ca:01 2098890                    /usr/lib/jvm/java-11-openjdk-amd64/lib/libverify.so
7fc1d514d000-7fc1d514f000 r--p 0000c000 ca:01 2098890                    /usr/lib/jvm/java-11-openjdk-amd64/lib/libverify.so
7fc1d514f000-7fc1d5150000 rw-p 0000e000 ca:01 2098890                    /usr/lib/jvm/java-11-openjdk-amd64/lib/libverify.so
7fc1d5150000-7fc1d5157000 r-xp 00000000 ca:01 405026                     /lib/x86_64-linux-gnu/librt-2.27.so
7fc1d5157000-7fc1d5356000 ---p 00007000 ca:01 405026                     /lib/x86_64-linux-gnu/librt-2.27.so
7fc1d5356000-7fc1d5357000 r--p 00006000 ca:01 405026                     /lib/x86_64-linux-gnu/librt-2.27.so
7fc1d5357000-7fc1d5358000 rw-p 00007000 ca:01 405026                     /lib/x86_64-linux-gnu/librt-2.27.so
7fc1d5358000-7fc1d536f000 r-xp 00000000 ca:01 402389                     /lib/x86_64-linux-gnu/libgcc_s.so.1
7fc1d536f000-7fc1d556e000 ---p 00017000 ca:01 402389                     /lib/x86_64-linux-gnu/libgcc_s.so.1
7fc1d556e000-7fc1d556f000 r--p 00016000 ca:01 402389                     /lib/x86_64-linux-gnu/libgcc_s.so.1
7fc1d556f000-7fc1d5570000 rw-p 00017000 ca:01 402389                     /lib/x86_64-linux-gnu/libgcc_s.so.1
7fc1d5570000-7fc1d570d000 r-xp 00000000 ca:01 402662                     /lib/x86_64-linux-gnu/libm-2.27.so
7fc1d570d000-7fc1d590c000 ---p 0019d000 ca:01 402662                     /lib/x86_64-linux-gnu/libm-2.27.so
7fc1d590c000-7fc1d590d000 r--p 0019c000 ca:01 402662                     /lib/x86_64-linux-gnu/libm-2.27.so
7fc1d590d000-7fc1d590e000 rw-p 0019d000 ca:01 402662                     /lib/x86_64-linux-gnu/libm-2.27.so
7fc1d590e000-7fc1d5a87000 r-xp 00000000 ca:01 394211                     /usr/lib/x86_64-linux-gnu/libstdc++.so.6.0.25
7fc1d5a87000-7fc1d5c87000 ---p 00179000 ca:01 394211                     /usr/lib/x86_64-linux-gnu/libstdc++.so.6.0.25
7fc1d5c87000-7fc1d5c91000 r--p 00179000 ca:01 394211                     /usr/lib/x86_64-linux-gnu/libstdc++.so.6.0.25
7fc1d5c91000-7fc1d5c93000 rw-p 00183000 ca:01 394211                     /usr/lib/x86_64-linux-gnu/libstdc++.so.6.0.25
7fc1d5c93000-7fc1d5c97000 rw-p 00000000 00:00 0 
7fc1d5c97000-7fc1d6d7f000 r-xp 00000000 ca:01 2098897                    /usr/lib/jvm/java-11-openjdk-amd64/lib/server/libjvm.so
7fc1d6d7f000-7fc1d6f7e000 ---p 010e8000 ca:01 2098897                    /usr/lib/jvm/java-11-openjdk-amd64/lib/server/libjvm.so
7fc1d6f7e000-7fc1d703f000 r--p 010e7000 ca:01 2098897                    /usr/lib/jvm/java-11-openjdk-amd64/lib/server/libjvm.so
7fc1d703f000-7fc1d707a000 rw-p 011a8000 ca:01 2098897                    /usr/lib/jvm/java-11-openjdk-amd64/lib/server/libjvm.so
7fc1d707a000-7fc1d70d1000 rw-p 00000000 00:00 0 
7fc1d70d1000-7fc1d70eb000 r-xp 00000000 ca:01 405022                     /lib/x86_64-linux-gnu/libpthread-2.27.so
7fc1d70eb000-7fc1d72ea000 ---p 0001a000 ca:01 405022                     /lib/x86_64-linux-gnu/libpthread-2.27.so
7fc1d72ea000-7fc1d72eb000 r--p 00019000 ca:01 405022                     /lib/x86_64-linux-gnu/libpthread-2.27.so
7fc1d72eb000-7fc1d72ec000 rw-p 0001a000 ca:01 405022                     /lib/x86_64-linux-gnu/libpthread-2.27.so
7fc1d72ec000-7fc1d72f0000 rw-p 00000000 00:00 0 
7fc1d72f0000-7fc1d72f3000 r-xp 00000000 ca:01 402661                     /lib/x86_64-linux-gnu/libdl-2.27.so
7fc1d72f3000-7fc1d74f2000 ---p 00003000 ca:01 402661                     /lib/x86_64-linux-gnu/libdl-2.27.so
7fc1d74f2000-7fc1d74f3000 r--p 00002000 ca:01 402661                     /lib/x86_64-linux-gnu/libdl-2.27.so
7fc1d74f3000-7fc1d74f4000 rw-p 00003000 ca:01 402661                     /lib/x86_64-linux-gnu/libdl-2.27.so
7fc1d74f4000-7fc1d7510000 r-xp 00000000 ca:01 396228                     /lib/x86_64-linux-gnu/libz.so.1.2.11
7fc1d7510000-7fc1d770f000 ---p 0001c000 ca:01 396228                     /lib/x86_64-linux-gnu/libz.so.1.2.11
7fc1d770f000-7fc1d7710000 r--p 0001b000 ca:01 396228                     /lib/x86_64-linux-gnu/libz.so.1.2.11
7fc1d7710000-7fc1d7711000 rw-p 0001c000 ca:01 396228                     /lib/x86_64-linux-gnu/libz.so.1.2.11
7fc1d7711000-7fc1d78f8000 r-xp 00000000 ca:01 402655                     /lib/x86_64-linux-gnu/libc-2.27.so
7fc1d78f8000-7fc1d7af8000 ---p 001e7000 ca:01 402655                     /lib/x86_64-linux-gnu/libc-2.27.so
7fc1d7af8000-7fc1d7afc000 r--p 001e7000 ca:01 402655                     /lib/x86_64-linux-gnu/libc-2.27.so
7fc1d7afc000-7fc1d7afe000 rw-p 001eb000 ca:01 402655                     /lib/x86_64-linux-gnu/libc-2.27.so
7fc1d7afe000-7fc1d7b02000 rw-p 00000000 00:00 0 
7fc1d7b02000-7fc1d7b11000 r-xp 00000000 ca:01 2098856                    /usr/lib/jvm/java-11-openjdk-amd64/lib/jli/libjli.so
7fc1d7b11000-7fc1d7d10000 ---p 0000f000 ca:01 2098856                    /usr/lib/jvm/java-11-openjdk-amd64/lib/jli/libjli.so
7fc1d7d10000-7fc1d7d11000 r--p 0000e000 ca:01 2098856                    /usr/lib/jvm/java-11-openjdk-amd64/lib/jli/libjli.so
7fc1d7d11000-7fc1d7d12000 rw-p 0000f000 ca:01 2098856                    /usr/lib/jvm/java-11-openjdk-amd64/lib/jli/libjli.so
7fc1d7d12000-7fc1d7d39000 r-xp 00000000 ca:01 402647                     /lib/x86_64-linux-gnu/ld-2.27.so
7fc1d7e18000-7fc1d7e1d000 rw-p 00000000 00:00 0 
7fc1d7e1d000-7fc1d7e27000 ---p 00000000 00:00 0 
7fc1d7e27000-7fc1d7e29000 r--s 00007000 ca:01 132074                     /usr/share/java/java-atk-wrapper.jar
7fc1d7e29000-7fc1d7e2d000 ---p 00000000 00:00 0 
7fc1d7e2d000-7fc1d7f2c000 rw-p 00000000 00:00 0 
7fc1d7f2d000-7fc1d7f35000 rw-s 00000000 ca:01 524313                     /tmp/hsperfdata_alife/110156
7fc1d7f35000-7fc1d7f36000 ---p 00000000 00:00 0 
7fc1d7f36000-7fc1d7f37000 r--p 00000000 00:00 0 
7fc1d7f37000-7fc1d7f39000 rw-p 00000000 00:00 0 
7fc1d7f39000-7fc1d7f3a000 r--p 00027000 ca:01 402647                     /lib/x86_64-linux-gnu/ld-2.27.so
7fc1d7f3a000-7fc1d7f3b000 rw-p 00028000 ca:01 402647                     /lib/x86_64-linux-gnu/ld-2.27.so
7fc1d7f3b000-7fc1d7f3c000 rw-p 00000000 00:00 0 
7ffd8d9a4000-7ffd8d9c5000 rw-p 00000000 00:00 0                          [stack]
7ffd8d9cb000-7ffd8d9ce000 r--p 00000000 00:00 0                          [vvar]
7ffd8d9ce000-7ffd8d9d0000 r-xp 00000000 00:00 0                          [vdso]
ffffffffff600000-ffffffffff601000 r-xp 00000000 00:00 0                  [vsyscall]


VM Arguments:
jvm_args: -Xms3G -Xmx3G -XX:+UseG1GC -XX:+UseG1GC -XX:MaxGCPauseMillis=200 -XX:ParallelGCThreads=20 -XX:ConcGCThreads=5 -XX:InitiatingHeapOccupancyPercent=70 
java_command: networkrecoverysim.DataReplicationNodeFailingMain load atlanta.graph 100 0 FirstNeighbor atlanta.loc 50 replalgon NODELAY 0.25 4 nhopsinfo 3 3 0 FailIntv-0-25
java_class_path (initial): dist/NetworkRecoverySim.jar
Launcher Type: SUN_STANDARD

[Global flags]
     intx CICompilerCount                          = 12                                        {product} {ergonomic}
     uint ConcGCThreads                            = 5                                         {product} {command line}
     uint G1ConcRefinementThreads                  = 20                                        {product} {ergonomic}
   size_t G1HeapRegionSize                         = 1048576                                   {product} {ergonomic}
    uintx GCDrainStackTargetSize                   = 64                                        {product} {ergonomic}
   size_t InitialHeapSize                          = 3221225472                                {product} {command line}
    uintx InitiatingHeapOccupancyPercent           = 70                                        {product} {command line}
   size_t MarkStackSize                            = 4194304                                   {product} {ergonomic}
    uintx MaxGCPauseMillis                         = 200                                       {product} {command line}
   size_t MaxHeapSize                              = 3221225472                                {product} {command line}
   size_t MinHeapDeltaBytes                        = 1048576                                   {product} {ergonomic}
    uintx NonNMethodCodeHeapSize                   = 7594288                                {pd product} {ergonomic}
    uintx NonProfiledCodeHeapSize                  = 122031976                              {pd product} {ergonomic}
     uint ParallelGCThreads                        = 20                                        {product} {command line}
    uintx ProfiledCodeHeapSize                     = 122031976                              {pd product} {ergonomic}
    uintx ReservedCodeCacheSize                    = 251658240                              {pd product} {ergonomic}
     bool SegmentedCodeCache                       = true                                      {product} {ergonomic}
     bool UseCompressedClassPointers               = true                                 {lp64_product} {ergonomic}
     bool UseCompressedOops                        = true                                 {lp64_product} {ergonomic}
     bool UseG1GC                                  = true                                      {product} {command line}

Logging:
Log output configuration:
 #0: stdout all=warning uptime,level,tags
 #1: stderr all=off uptime,level,tags

Environment Variables:
PATH=/home/alife/.local/bin:/usr/local/sbin:/usr/local/bin:/usr/sbin:/usr/bin:/sbin:/bin:/usr/games:/usr/local/games:/snap/bin
SHELL=/bin/bash
LANG=es_CO.UTF-8

Signal Handlers:
SIGSEGV: [libjvm.so+0xe1d0a0], sa_mask[0]=11111111011111111101111111111110, sa_flags=SA_RESTART|SA_SIGINFO
SIGBUS: [libjvm.so+0xe1d0a0], sa_mask[0]=11111111011111111101111111111110, sa_flags=SA_RESTART|SA_SIGINFO
SIGFPE: [libjvm.so+0xe1d0a0], sa_mask[0]=11111111011111111101111111111110, sa_flags=SA_RESTART|SA_SIGINFO
SIGPIPE: [libjvm.so+0xb717f0], sa_mask[0]=11111111011111111101111111111110, sa_flags=SA_RESTART|SA_SIGINFO
SIGXFSZ: [libjvm.so+0xb717f0], sa_mask[0]=11111111011111111101111111111110, sa_flags=SA_RESTART|SA_SIGINFO
SIGILL: [libjvm.so+0xe1d0a0], sa_mask[0]=11111111011111111101111111111110, sa_flags=SA_RESTART|SA_SIGINFO
SIGUSR2: [libjvm.so+0xb71680], sa_mask[0]=00000000000000000000000000000000, sa_flags=SA_RESTART|SA_SIGINFO
SIGHUP: SIG_DFL, sa_mask[0]=00000000000000000000000000000000, sa_flags=none
SIGINT: SIG_DFL, sa_mask[0]=00000000000000000000000000000000, sa_flags=none
SIGTERM: SIG_DFL, sa_mask[0]=00000000000000000000000000000000, sa_flags=none
SIGQUIT: SIG_DFL, sa_mask[0]=00000000000000000000000000000000, sa_flags=none


---------------  S Y S T E M  ---------------

OS:DISTRIB_ID=Ubuntu
DISTRIB_RELEASE=18.04
DISTRIB_CODENAME=bionic
DISTRIB_DESCRIPTION="Ubuntu 18.04.3 LTS"
uname:Linux 4.15.0-143-generic #147-Ubuntu SMP Wed Apr 14 16:10:11 UTC 2021 x86_64
OS uptime: 62 days 5:12 hours
libc:glibc 2.27 NPTL 2.27 
rlimit (soft/hard): STACK 8192k/infinity , CORE 0k/infinity , NPROC 30771/30771 , NOFILE 1048576/1048576 , AS infinity/infinity , CPU infinity/infinity , DATA infinity/infinity , FSIZE infinity/infinity , MEMLOCK 65536k/65536k
load average:33.76 45.12 45.26

/proc/meminfo:
MemTotal:        7942016 kB
MemFree:         1201068 kB
MemAvailable:    1767696 kB
Buffers:           90068 kB
Cached:           608268 kB
SwapCached:          392 kB
Active:          5605232 kB
Inactive:         608944 kB
Active(anon):    5446308 kB
Inactive(anon):    69296 kB
Active(file):     158924 kB
Inactive(file):   539648 kB
Unevictable:           0 kB
Mlocked:               0 kB
SwapTotal:        483800 kB
SwapFree:         475864 kB
Dirty:              2112 kB
Writeback:           100 kB
AnonPages:       5515484 kB
Mapped:           105640 kB
Shmem:               208 kB
Slab:             349072 kB
SReclaimable:     168644 kB
SUnreclaim:       180428 kB
KernelStack:       25616 kB
PageTables:        24232 kB
NFS_Unstable:          0 kB
Bounce:                0 kB
WritebackTmp:          0 kB
CommitLimit:     4454808 kB
Committed_AS:   12600664 kB
VmallocTotal:   34359738367 kB
VmallocUsed:           0 kB
VmallocChunk:          0 kB
HardwareCorrupted:     0 kB
AnonHugePages:         0 kB
ShmemHugePages:        0 kB
ShmemPmdMapped:        0 kB
CmaTotal:              0 kB
CmaFree:               0 kB
HugePages_Total:       0
HugePages_Free:        0
HugePages_Rsvd:        0
HugePages_Surp:        0
Hugepagesize:       2048 kB
DirectMap4k:      483328 kB
DirectMap2M:     7700480 kB
DirectMap1G:     1048576 kB

/sys/kernel/mm/transparent_hugepage/enabled:
always [madvise] never
/sys/kernel/mm/transparent_hugepage/defrag (defrag/compaction efforts parameter):
always defer defer+madvise [madvise] never

Process Memory:
Virtual Size: 907196K (peak: 4065132K)
Resident Set Size: 15324K (peak: 15324K) (anon: 2160K, file: 13164K, shmem: 0K)
Swapped out: 0K
C-Heap outstanding allocations: 980K

/proc/sys/kernel/threads-max (system-wide limit on the number of threads):
61542
/proc/sys/vm/max_map_count (maximum number of memory map areas a process may have):
65530
/proc/sys/kernel/pid_max (system-wide limit on number of process identifiers):
131072

container (cgroup) information:
container_type: cgroupv1
cpu_cpuset_cpus: 0-15
cpu_memory_nodes: 0
active_processor_count: 16
cpu_quota: -1
cpu_period: 100000
cpu_shares: -1
memory_limit_in_bytes: -1
memory_and_swap_limit_in_bytes: -2
memory_soft_limit_in_bytes: -1
memory_usage_in_bytes: 6166994944
memory_max_usage_in_bytes: 7297843200

Xen hardware-assisted virtualization detected
Steal ticks since vm start: 0
Steal ticks percentage since vm start:  0.000

CPU:total 16 (initial active 16) (2 cores per cpu, 1 threads per core) family 6 model 85 stepping 4 microcode 0x2000050, cmov, cx8, fxsr, mmx, sse, sse2, sse3, ssse3, sse4.1, sse4.2, popcnt, avx, avx2, aes, clmul, erms, rtm, 3dnowpref, lzcnt, tsc, bmi1, bmi2, adx, fma
CPU Model and flags from /proc/cpuinfo:
model name	: Intel(R) Xeon(R) Silver 4114 CPU @ 2.20GHz
flags		: fpu vme de pse tsc msr pae mce cx8 apic sep mtrr pge mca cmov pat pse36 clflush acpi mmx fxsr sse sse2 ht syscall nx pdpe1gb rdtscp lm constant_tsc rep_good nopl cpuid pni pclmulqdq ssse3 fma cx16 pcid sse4_1 sse4_2 x2apic movbe popcnt tsc_deadline_timer aes xsave avx f16c rdrand hypervisor lahf_lm abm 3dnowprefetch cpuid_fault invpcid_single pti intel_ppin ssbd ibrs ibpb stibp fsgsbase tsc_adjust bmi1 hle avx2 smep bmi2 erms invpcid rtm mpx rdseed adx smap clflushopt clwb xsaveopt xsavec xgetbv1 xsaves pku ospke flush_l1d
Online cpus:
0-15
Offline cpus:
16-127
BIOS frequency limitation:
<Not Available>
Frequency switch latency (ns):
<Not Available>
Available cpu frequencies:
<Not Available>
Current governor:
<Not Available>
Core performance/turbo boost:
<Not Available>

Memory: 4k page, physical 7942016k(1198588k free), swap 483800k(475864k free)

vm_info: OpenJDK 64-Bit Server VM (11.0.11+9-Ubuntu-0ubuntu2.18.04) for linux-amd64 JRE (11.0.11+9-Ubuntu-0ubuntu2.18.04), built on Apr 21 2021 09:15:32 by "unknown" with gcc 8.4.0

END.
