#
# There is insufficient memory for the Java Runtime Environment to continue.
# Native memory allocation (mmap) failed to map 3221225472 bytes for committing reserved memory.
# Possible reasons:
#   The system is out of physical RAM or swap space
#   The process is running with CompressedOops enabled, and the Java Heap may be blocking the growth of the native heap
# Possible solutions:
#   Reduce memory load on the system
#   Increase physical memory or swap space
#   Check if swap backing store is full
#   Decrease Java heap size (-Xmx/-Xms)
#   Decrease number of Java threads
#   Decrease Java thread stack sizes (-Xss)
#   Set larger code cache with -XX:ReservedCodeCacheSize=
# This output file may be truncated or incomplete.
#
#  Out of Memory Error (os_linux.cpp:2985), pid=71416, tid=71420
#
# JRE version:  (11.0.11+9) (build )
# Java VM: OpenJDK 64-Bit Server VM (11.0.11+9-Ubuntu-0ubuntu2.18.04, mixed mode, sharing, tiered, compressed oops, g1 gc, linux-amd64)
# Core dump will be written. Default location: Core dumps may be processed with "/usr/share/apport/apport %p %s %c %d %P %E" (or dumping to /home/alife/test/auxh3/025/circlelonghub&spokeh3/core.71416)
#

---------------  S U M M A R Y ------------

Command Line: -Xms3G -Xmx6G -XX:+UseG1GC -XX:+UseG1GC -XX:MaxGCPauseMillis=200 -XX:ParallelGCThreads=20 -XX:ConcGCThreads=5 -XX:InitiatingHeapOccupancyPercent=70 networkrecoverysim.DataReplicationNodeFailingMain load circlelonghubandspoke+v+97+l+2.graph 0 0 FirstNeighbor circlelonghubandspoke+v+97+l+2.loc 50 replalgon NODELAY 0.25 4 nhopsinfo 3 3 0 FailIntv-0-25

Host: Intel(R) Xeon(R) Silver 4114 CPU @ 2.20GHz, 16 cores, 7G, Ubuntu 18.04.3 LTS
Time: Tue Dec 14 15:42:42 2021 -05 elapsed time: 0.004596 seconds (0d 0h 0m 0s)

---------------  T H R E A D  ---------------

Current thread (0x00007f05bc016800):  JavaThread "Unknown thread" [_thread_in_vm, id=71420, stack(0x00007f05c6132000,0x00007f05c6233000)]

Stack: [0x00007f05c6132000,0x00007f05c6233000],  sp=0x00007f05c6231240,  free space=1020k
Native frames: (J=compiled Java code, A=aot compiled Java code, j=interpreted, Vv=VM code, C=native code)
V  [libjvm.so+0xe1c39a]
V  [libjvm.so+0xe1d04b]
V  [libjvm.so+0x649755]
V  [libjvm.so+0xb76a88]
V  [libjvm.so+0xb6cf2d]
V  [libjvm.so+0x76107f]
V  [libjvm.so+0x76142e]
V  [libjvm.so+0x76aac6]
V  [libjvm.so+0x7e31c4]
V  [libjvm.so+0x7e3dd0]
V  [libjvm.so+0x7e41e7]
V  [libjvm.so+0x71ed30]
V  [libjvm.so+0x71f431]
V  [libjvm.so+0xddf832]
V  [libjvm.so+0xddfaf6]
V  [libjvm.so+0x802fe7]
V  [libjvm.so+0xdb940a]
V  [libjvm.so+0x8a9661]  JNI_CreateJavaVM+0x51
C  [libjli.so+0x3a88]
C  [libjli.so+0x87ed]


---------------  P R O C E S S  ---------------

Threads class SMR info:
_java_thread_list=0x000055b77f86b560, length=0, elements={
}

Java Threads: ( => current thread )

Other Threads:
  0x00007f05bc030800 GCTaskThread "GC Thread#0" [stack: 0x00007f05c20fd000,0x00007f05c21fd000] [id=71421]
  0x00007f05bc05f800 ConcurrentGCThread "G1 Main Marker" [stack: 0x00007f05a45f1000,0x00007f05a46f1000] [id=71422]
  0x00007f05bc061800 ConcurrentGCThread "G1 Conc#0" [stack: 0x00007f05a44ef000,0x00007f05a45ef000] [id=71423]

[error occurred during error reporting (printing all threads), id 0xb, SIGSEGV (0xb) at pc=0x00007f05c46d8680]

VM state:not at safepoint (not fully initialized)

VM Mutex/Monitor currently owned by a thread:  ([mutex/lock_event])
[0x00007f05bc013590] Heap_lock - owner thread: 0x00007f05bc016800

Heap address: 0x0000000680000000, size: 6144 MB, Compressed Oops mode: Non-zero based: 0x0000000680000000
Narrow klass base: 0x0000000000000000, Narrow klass shift: 0

GC Heap History (0 events):
No events

Deoptimization events (0 events):
No events

Classes redefined (0 events):
No events

Internal exceptions (0 events):
No events

Events (2 events):
Event: 0.002 Protecting memory [0x00007f05c6132000,0x00007f05c6136000] with protection modes 0
Event: 0.002 Loaded shared library /usr/lib/jvm/java-11-openjdk-amd64/lib/libzip.so


Dynamic libraries:
740000000-800000000 ---p 00000000 00:00 0 
55b77e081000-55b77e082000 r-xp 00000000 ca:01 1841807                    /usr/lib/jvm/java-11-openjdk-amd64/bin/java
55b77e282000-55b77e283000 r--p 00001000 ca:01 1841807                    /usr/lib/jvm/java-11-openjdk-amd64/bin/java
55b77e283000-55b77e284000 rw-p 00002000 ca:01 1841807                    /usr/lib/jvm/java-11-openjdk-amd64/bin/java
55b77f853000-55b77f874000 rw-p 00000000 00:00 0                          [heap]
7f0584000000-7f0584021000 rw-p 00000000 00:00 0 
7f0584021000-7f0588000000 ---p 00000000 00:00 0 
7f058b6f7000-7f058c000000 rw-p 00000000 00:00 0 
7f058c000000-7f058c021000 rw-p 00000000 00:00 0 
7f058c021000-7f0590000000 ---p 00000000 00:00 0 
7f05900f9000-7f0592800000 rw-p 00000000 00:00 0 
7f0592800000-7f05a0000000 ---p 00000000 00:00 0 
7f05a0000000-7f05a0021000 rw-p 00000000 00:00 0 
7f05a0021000-7f05a4000000 ---p 00000000 00:00 0 
7f05a40e9000-7f05a44ed000 rw-p 00000000 00:00 0 
7f05a44ed000-7f05a44ee000 ---p 00000000 00:00 0 
7f05a44ee000-7f05a45ef000 rw-p 00000000 00:00 0 
7f05a45ef000-7f05a45f0000 ---p 00000000 00:00 0 
7f05a45f0000-7f05a4878000 rw-p 00000000 00:00 0 
7f05a4878000-7f05a4ae8000 rwxp 00000000 00:00 0 
7f05a4ae8000-7f05a4fb7000 ---p 00000000 00:00 0 
7f05a4fb7000-7f05a5227000 rwxp 00000000 00:00 0 
7f05a5227000-7f05ac417000 ---p 00000000 00:00 0 
7f05ac417000-7f05ac687000 rwxp 00000000 00:00 0 
7f05ac687000-7f05b3878000 ---p 00000000 00:00 0 
7f05b3878000-7f05bc000000 r--s 00000000 ca:01 2098892                    /usr/lib/jvm/java-11-openjdk-amd64/lib/modules
7f05bc000000-7f05bc0bf000 rw-p 00000000 00:00 0 
7f05bc0bf000-7f05c0000000 ---p 00000000 00:00 0 
7f05c00e7000-7f05c0ce7000 ---p 00000000 00:00 0 
7f05c0ce7000-7f05c20fb000 rw-p 00000000 00:00 0 
7f05c20fb000-7f05c20fc000 ---p 00000000 00:00 0 
7f05c20fc000-7f05c2202000 rw-p 00000000 00:00 0 
7f05c2202000-7f05c22e6000 ---p 00000000 00:00 0 
7f05c22e6000-7f05c22eb000 rw-p 00000000 00:00 0 
7f05c22eb000-7f05c23cf000 ---p 00000000 00:00 0 
7f05c23cf000-7f05c23d6000 r-xp 00000000 ca:01 2098891                    /usr/lib/jvm/java-11-openjdk-amd64/lib/libzip.so
7f05c23d6000-7f05c25d5000 ---p 00007000 ca:01 2098891                    /usr/lib/jvm/java-11-openjdk-amd64/lib/libzip.so
7f05c25d5000-7f05c25d6000 r--p 00006000 ca:01 2098891                    /usr/lib/jvm/java-11-openjdk-amd64/lib/libzip.so
7f05c25d6000-7f05c25d7000 rw-p 00007000 ca:01 2098891                    /usr/lib/jvm/java-11-openjdk-amd64/lib/libzip.so
7f05c25d7000-7f05c25e2000 r-xp 00000000 ca:01 405012                     /lib/x86_64-linux-gnu/libnss_files-2.27.so
7f05c25e2000-7f05c27e1000 ---p 0000b000 ca:01 405012                     /lib/x86_64-linux-gnu/libnss_files-2.27.so
7f05c27e1000-7f05c27e2000 r--p 0000a000 ca:01 405012                     /lib/x86_64-linux-gnu/libnss_files-2.27.so
7f05c27e2000-7f05c27e3000 rw-p 0000b000 ca:01 405012                     /lib/x86_64-linux-gnu/libnss_files-2.27.so
7f05c27e3000-7f05c27e9000 rw-p 00000000 00:00 0 
7f05c27e9000-7f05c2800000 r-xp 00000000 ca:01 402665                     /lib/x86_64-linux-gnu/libnsl-2.27.so
7f05c2800000-7f05c29ff000 ---p 00017000 ca:01 402665                     /lib/x86_64-linux-gnu/libnsl-2.27.so
7f05c29ff000-7f05c2a00000 r--p 00016000 ca:01 402665                     /lib/x86_64-linux-gnu/libnsl-2.27.so
7f05c2a00000-7f05c2a01000 rw-p 00017000 ca:01 402665                     /lib/x86_64-linux-gnu/libnsl-2.27.so
7f05c2a01000-7f05c2a03000 rw-p 00000000 00:00 0 
7f05c2a03000-7f05c2a0e000 r-xp 00000000 ca:01 405016                     /lib/x86_64-linux-gnu/libnss_nis-2.27.so
7f05c2a0e000-7f05c2c0d000 ---p 0000b000 ca:01 405016                     /lib/x86_64-linux-gnu/libnss_nis-2.27.so
7f05c2c0d000-7f05c2c0e000 r--p 0000a000 ca:01 405016                     /lib/x86_64-linux-gnu/libnss_nis-2.27.so
7f05c2c0e000-7f05c2c0f000 rw-p 0000b000 ca:01 405016                     /lib/x86_64-linux-gnu/libnss_nis-2.27.so
7f05c2c0f000-7f05c2c17000 r-xp 00000000 ca:01 402666                     /lib/x86_64-linux-gnu/libnss_compat-2.27.so
7f05c2c17000-7f05c2e17000 ---p 00008000 ca:01 402666                     /lib/x86_64-linux-gnu/libnss_compat-2.27.so
7f05c2e17000-7f05c2e18000 r--p 00008000 ca:01 402666                     /lib/x86_64-linux-gnu/libnss_compat-2.27.so
7f05c2e18000-7f05c2e19000 rw-p 00009000 ca:01 402666                     /lib/x86_64-linux-gnu/libnss_compat-2.27.so
7f05c2e19000-7f05c2e1e000 r-xp 00000000 ca:01 2098874                    /usr/lib/jvm/java-11-openjdk-amd64/lib/libjimage.so
7f05c2e1e000-7f05c301d000 ---p 00005000 ca:01 2098874                    /usr/lib/jvm/java-11-openjdk-amd64/lib/libjimage.so
7f05c301d000-7f05c301e000 r--p 00004000 ca:01 2098874                    /usr/lib/jvm/java-11-openjdk-amd64/lib/libjimage.so
7f05c301e000-7f05c301f000 rw-p 00005000 ca:01 2098874                    /usr/lib/jvm/java-11-openjdk-amd64/lib/libjimage.so
7f05c301f000-7f05c3047000 r-xp 00000000 ca:01 2098871                    /usr/lib/jvm/java-11-openjdk-amd64/lib/libjava.so
7f05c3047000-7f05c3247000 ---p 00028000 ca:01 2098871                    /usr/lib/jvm/java-11-openjdk-amd64/lib/libjava.so
7f05c3247000-7f05c3248000 r--p 00028000 ca:01 2098871                    /usr/lib/jvm/java-11-openjdk-amd64/lib/libjava.so
7f05c3248000-7f05c3249000 rw-p 00029000 ca:01 2098871                    /usr/lib/jvm/java-11-openjdk-amd64/lib/libjava.so
7f05c3249000-7f05c324a000 rw-p 00000000 00:00 0 
7f05c324a000-7f05c3257000 r-xp 00000000 ca:01 2098890                    /usr/lib/jvm/java-11-openjdk-amd64/lib/libverify.so
7f05c3257000-7f05c3456000 ---p 0000d000 ca:01 2098890                    /usr/lib/jvm/java-11-openjdk-amd64/lib/libverify.so
7f05c3456000-7f05c3458000 r--p 0000c000 ca:01 2098890                    /usr/lib/jvm/java-11-openjdk-amd64/lib/libverify.so
7f05c3458000-7f05c3459000 rw-p 0000e000 ca:01 2098890                    /usr/lib/jvm/java-11-openjdk-amd64/lib/libverify.so
7f05c3459000-7f05c3460000 r-xp 00000000 ca:01 405026                     /lib/x86_64-linux-gnu/librt-2.27.so
7f05c3460000-7f05c365f000 ---p 00007000 ca:01 405026                     /lib/x86_64-linux-gnu/librt-2.27.so
7f05c365f000-7f05c3660000 r--p 00006000 ca:01 405026                     /lib/x86_64-linux-gnu/librt-2.27.so
7f05c3660000-7f05c3661000 rw-p 00007000 ca:01 405026                     /lib/x86_64-linux-gnu/librt-2.27.so
7f05c3661000-7f05c3678000 r-xp 00000000 ca:01 402389                     /lib/x86_64-linux-gnu/libgcc_s.so.1
7f05c3678000-7f05c3877000 ---p 00017000 ca:01 402389                     /lib/x86_64-linux-gnu/libgcc_s.so.1
7f05c3877000-7f05c3878000 r--p 00016000 ca:01 402389                     /lib/x86_64-linux-gnu/libgcc_s.so.1
7f05c3878000-7f05c3879000 rw-p 00017000 ca:01 402389                     /lib/x86_64-linux-gnu/libgcc_s.so.1
7f05c3879000-7f05c3a16000 r-xp 00000000 ca:01 402662                     /lib/x86_64-linux-gnu/libm-2.27.so
7f05c3a16000-7f05c3c15000 ---p 0019d000 ca:01 402662                     /lib/x86_64-linux-gnu/libm-2.27.so
7f05c3c15000-7f05c3c16000 r--p 0019c000 ca:01 402662                     /lib/x86_64-linux-gnu/libm-2.27.so
7f05c3c16000-7f05c3c17000 rw-p 0019d000 ca:01 402662                     /lib/x86_64-linux-gnu/libm-2.27.so
7f05c3c17000-7f05c3d90000 r-xp 00000000 ca:01 394211                     /usr/lib/x86_64-linux-gnu/libstdc++.so.6.0.25
7f05c3d90000-7f05c3f90000 ---p 00179000 ca:01 394211                     /usr/lib/x86_64-linux-gnu/libstdc++.so.6.0.25
7f05c3f90000-7f05c3f9a000 r--p 00179000 ca:01 394211                     /usr/lib/x86_64-linux-gnu/libstdc++.so.6.0.25
7f05c3f9a000-7f05c3f9c000 rw-p 00183000 ca:01 394211                     /usr/lib/x86_64-linux-gnu/libstdc++.so.6.0.25
7f05c3f9c000-7f05c3fa0000 rw-p 00000000 00:00 0 
7f05c3fa0000-7f05c5088000 r-xp 00000000 ca:01 2098897                    /usr/lib/jvm/java-11-openjdk-amd64/lib/server/libjvm.so
7f05c5088000-7f05c5287000 ---p 010e8000 ca:01 2098897                    /usr/lib/jvm/java-11-openjdk-amd64/lib/server/libjvm.so
7f05c5287000-7f05c5348000 r--p 010e7000 ca:01 2098897                    /usr/lib/jvm/java-11-openjdk-amd64/lib/server/libjvm.so
7f05c5348000-7f05c5383000 rw-p 011a8000 ca:01 2098897                    /usr/lib/jvm/java-11-openjdk-amd64/lib/server/libjvm.so
7f05c5383000-7f05c53da000 rw-p 00000000 00:00 0 
7f05c53da000-7f05c53f4000 r-xp 00000000 ca:01 405022                     /lib/x86_64-linux-gnu/libpthread-2.27.so
7f05c53f4000-7f05c55f3000 ---p 0001a000 ca:01 405022                     /lib/x86_64-linux-gnu/libpthread-2.27.so
7f05c55f3000-7f05c55f4000 r--p 00019000 ca:01 405022                     /lib/x86_64-linux-gnu/libpthread-2.27.so
7f05c55f4000-7f05c55f5000 rw-p 0001a000 ca:01 405022                     /lib/x86_64-linux-gnu/libpthread-2.27.so
7f05c55f5000-7f05c55f9000 rw-p 00000000 00:00 0 
7f05c55f9000-7f05c55fc000 r-xp 00000000 ca:01 402661                     /lib/x86_64-linux-gnu/libdl-2.27.so
7f05c55fc000-7f05c57fb000 ---p 00003000 ca:01 402661                     /lib/x86_64-linux-gnu/libdl-2.27.so
7f05c57fb000-7f05c57fc000 r--p 00002000 ca:01 402661                     /lib/x86_64-linux-gnu/libdl-2.27.so
7f05c57fc000-7f05c57fd000 rw-p 00003000 ca:01 402661                     /lib/x86_64-linux-gnu/libdl-2.27.so
7f05c57fd000-7f05c5819000 r-xp 00000000 ca:01 396228                     /lib/x86_64-linux-gnu/libz.so.1.2.11
7f05c5819000-7f05c5a18000 ---p 0001c000 ca:01 396228                     /lib/x86_64-linux-gnu/libz.so.1.2.11
7f05c5a18000-7f05c5a19000 r--p 0001b000 ca:01 396228                     /lib/x86_64-linux-gnu/libz.so.1.2.11
7f05c5a19000-7f05c5a1a000 rw-p 0001c000 ca:01 396228                     /lib/x86_64-linux-gnu/libz.so.1.2.11
7f05c5a1a000-7f05c5c01000 r-xp 00000000 ca:01 402655                     /lib/x86_64-linux-gnu/libc-2.27.so
7f05c5c01000-7f05c5e01000 ---p 001e7000 ca:01 402655                     /lib/x86_64-linux-gnu/libc-2.27.so
7f05c5e01000-7f05c5e05000 r--p 001e7000 ca:01 402655                     /lib/x86_64-linux-gnu/libc-2.27.so
7f05c5e05000-7f05c5e07000 rw-p 001eb000 ca:01 402655                     /lib/x86_64-linux-gnu/libc-2.27.so
7f05c5e07000-7f05c5e0b000 rw-p 00000000 00:00 0 
7f05c5e0b000-7f05c5e1a000 r-xp 00000000 ca:01 2098856                    /usr/lib/jvm/java-11-openjdk-amd64/lib/jli/libjli.so
7f05c5e1a000-7f05c6019000 ---p 0000f000 ca:01 2098856                    /usr/lib/jvm/java-11-openjdk-amd64/lib/jli/libjli.so
7f05c6019000-7f05c601a000 r--p 0000e000 ca:01 2098856                    /usr/lib/jvm/java-11-openjdk-amd64/lib/jli/libjli.so
7f05c601a000-7f05c601b000 rw-p 0000f000 ca:01 2098856                    /usr/lib/jvm/java-11-openjdk-amd64/lib/jli/libjli.so
7f05c601b000-7f05c6042000 r-xp 00000000 ca:01 402647                     /lib/x86_64-linux-gnu/ld-2.27.so
7f05c60f0000-7f05c6126000 rw-p 00000000 00:00 0 
7f05c6126000-7f05c6130000 ---p 00000000 00:00 0 
7f05c6130000-7f05c6132000 r--s 00007000 ca:01 132074                     /usr/share/java/java-atk-wrapper.jar
7f05c6132000-7f05c6136000 ---p 00000000 00:00 0 
7f05c6136000-7f05c6235000 rw-p 00000000 00:00 0 
7f05c6236000-7f05c623e000 rw-s 00000000 ca:01 524346                     /tmp/hsperfdata_alife/71416
7f05c623e000-7f05c623f000 ---p 00000000 00:00 0 
7f05c623f000-7f05c6240000 r--p 00000000 00:00 0 
7f05c6240000-7f05c6242000 rw-p 00000000 00:00 0 
7f05c6242000-7f05c6243000 r--p 00027000 ca:01 402647                     /lib/x86_64-linux-gnu/ld-2.27.so
7f05c6243000-7f05c6244000 rw-p 00028000 ca:01 402647                     /lib/x86_64-linux-gnu/ld-2.27.so
7f05c6244000-7f05c6245000 rw-p 00000000 00:00 0 
7ffc64201000-7ffc64222000 rw-p 00000000 00:00 0                          [stack]
7ffc642cd000-7ffc642d0000 r--p 00000000 00:00 0                          [vvar]
7ffc642d0000-7ffc642d2000 r-xp 00000000 00:00 0                          [vdso]
ffffffffff600000-ffffffffff601000 r-xp 00000000 00:00 0                  [vsyscall]


VM Arguments:
jvm_args: -Xms3G -Xmx6G -XX:+UseG1GC -XX:+UseG1GC -XX:MaxGCPauseMillis=200 -XX:ParallelGCThreads=20 -XX:ConcGCThreads=5 -XX:InitiatingHeapOccupancyPercent=70 
java_command: networkrecoverysim.DataReplicationNodeFailingMain load circlelonghubandspoke+v+97+l+2.graph 0 0 FirstNeighbor circlelonghubandspoke+v+97+l+2.loc 50 replalgon NODELAY 0.25 4 nhopsinfo 3 3 0 FailIntv-0-25
java_class_path (initial): dist/NetworkRecoverySim.jar
Launcher Type: SUN_STANDARD

[Global flags]
     intx CICompilerCount                          = 12                                        {product} {ergonomic}
     uint ConcGCThreads                            = 5                                         {product} {command line}
     uint G1ConcRefinementThreads                  = 20                                        {product} {ergonomic}
   size_t G1HeapRegionSize                         = 2097152                                   {product} {ergonomic}
    uintx GCDrainStackTargetSize                   = 64                                        {product} {ergonomic}
   size_t InitialHeapSize                          = 3221225472                                {product} {command line}
    uintx InitiatingHeapOccupancyPercent           = 70                                        {product} {command line}
   size_t MarkStackSize                            = 4194304                                   {product} {ergonomic}
    uintx MaxGCPauseMillis                         = 200                                       {product} {command line}
   size_t MaxHeapSize                              = 6442450944                                {product} {command line}
   size_t MinHeapDeltaBytes                        = 2097152                                   {product} {ergonomic}
    uintx NonNMethodCodeHeapSize                   = 7594288                                {pd product} {ergonomic}
    uintx NonProfiledCodeHeapSize                  = 122031976                              {pd product} {ergonomic}
     uint ParallelGCThreads                        = 20                                        {product} {command line}
    uintx ProfiledCodeHeapSize                     = 122031976                              {pd product} {ergonomic}
    uintx ReservedCodeCacheSize                    = 251658240                              {pd product} {ergonomic}
     bool SegmentedCodeCache                       = true                                      {product} {ergonomic}
     bool UseCompressedClassPointers               = true                                 {lp64_product} {ergonomic}
     bool UseCompressedOops                        = true                                 {lp64_product} {ergonomic}
     bool UseG1GC                                  = true                                      {product} {command line}

Logging:
Log output configuration:
 #0: stdout all=warning uptime,level,tags
 #1: stderr all=off uptime,level,tags

Environment Variables:
PATH=/home/alife/.local/bin:/usr/local/sbin:/usr/local/bin:/usr/sbin:/usr/bin:/sbin:/bin:/usr/games:/usr/local/games:/snap/bin
SHELL=/bin/bash
LANG=es_CO.UTF-8

Signal Handlers:
SIGSEGV: [libjvm.so+0xe1d0a0], sa_mask[0]=11111111011111111101111111111110, sa_flags=SA_RESTART|SA_SIGINFO
SIGBUS: [libjvm.so+0xe1d0a0], sa_mask[0]=11111111011111111101111111111110, sa_flags=SA_RESTART|SA_SIGINFO
SIGFPE: [libjvm.so+0xe1d0a0], sa_mask[0]=11111111011111111101111111111110, sa_flags=SA_RESTART|SA_SIGINFO
SIGPIPE: [libjvm.so+0xb717f0], sa_mask[0]=11111111011111111101111111111110, sa_flags=SA_RESTART|SA_SIGINFO
SIGXFSZ: [libjvm.so+0xb717f0], sa_mask[0]=11111111011111111101111111111110, sa_flags=SA_RESTART|SA_SIGINFO
SIGILL: [libjvm.so+0xe1d0a0], sa_mask[0]=11111111011111111101111111111110, sa_flags=SA_RESTART|SA_SIGINFO
SIGUSR2: [libjvm.so+0xb71680], sa_mask[0]=00000000000000000000000000000000, sa_flags=SA_RESTART|SA_SIGINFO
SIGHUP: SIG_DFL, sa_mask[0]=00000000000000000000000000000000, sa_flags=none
SIGINT: SIG_DFL, sa_mask[0]=00000000000000000000000000000000, sa_flags=none
SIGTERM: SIG_DFL, sa_mask[0]=00000000000000000000000000000000, sa_flags=none
SIGQUIT: SIG_DFL, sa_mask[0]=00000000000000000000000000000000, sa_flags=none


---------------  S Y S T E M  ---------------

OS:DISTRIB_ID=Ubuntu
DISTRIB_RELEASE=18.04
DISTRIB_CODENAME=bionic
DISTRIB_DESCRIPTION="Ubuntu 18.04.3 LTS"
uname:Linux 4.15.0-143-generic #147-Ubuntu SMP Wed Apr 14 16:10:11 UTC 2021 x86_64
OS uptime: 62 days 3:43 hours
libc:glibc 2.27 NPTL 2.27 
rlimit (soft/hard): STACK 8192k/infinity , CORE 0k/infinity , NPROC 30771/30771 , NOFILE 1048576/1048576 , AS infinity/infinity , CPU infinity/infinity , DATA infinity/infinity , FSIZE infinity/infinity , MEMLOCK 65536k/65536k
load average:18.61 22.47 12.83

/proc/meminfo:
MemTotal:        7942016 kB
MemFree:          138044 kB
MemAvailable:     961952 kB
Buffers:          412944 kB
Cached:           497456 kB
SwapCached:          116 kB
Active:          6655780 kB
Inactive:         559416 kB
Active(anon):    6233696 kB
Inactive(anon):    69864 kB
Active(file):     422084 kB
Inactive(file):   489552 kB
Unevictable:           0 kB
Mlocked:               0 kB
SwapTotal:        483800 kB
SwapFree:         479960 kB
Dirty:             32624 kB
Writeback:           100 kB
AnonPages:       6305008 kB
Mapped:           148040 kB
Shmem:               240 kB
Slab:             397984 kB
SReclaimable:     213920 kB
SUnreclaim:       184064 kB
KernelStack:       33312 kB
PageTables:        26280 kB
NFS_Unstable:          0 kB
Bounce:                0 kB
WritebackTmp:          0 kB
CommitLimit:     4454808 kB
Committed_AS:   13126992 kB
VmallocTotal:   34359738367 kB
VmallocUsed:           0 kB
VmallocChunk:          0 kB
HardwareCorrupted:     0 kB
AnonHugePages:         0 kB
ShmemHugePages:        0 kB
ShmemPmdMapped:        0 kB
CmaTotal:              0 kB
CmaFree:               0 kB
HugePages_Total:       0
HugePages_Free:        0
HugePages_Rsvd:        0
HugePages_Surp:        0
Hugepagesize:       2048 kB
DirectMap4k:      483328 kB
DirectMap2M:     7700480 kB
DirectMap1G:     1048576 kB

/sys/kernel/mm/transparent_hugepage/enabled:
always [madvise] never
/sys/kernel/mm/transparent_hugepage/defrag (defrag/compaction efforts parameter):
always defer defer+madvise [madvise] never

Process Memory:
Virtual Size: 4169856K (peak: 7327792K)
Resident Set Size: 15252K (peak: 15252K) (anon: 2444K, file: 12808K, shmem: 0K)
Swapped out: 0K
C-Heap outstanding allocations: 870K

/proc/sys/kernel/threads-max (system-wide limit on the number of threads):
61542
/proc/sys/vm/max_map_count (maximum number of memory map areas a process may have):
65530
/proc/sys/kernel/pid_max (system-wide limit on number of process identifiers):
131072

container (cgroup) information:
container_type: cgroupv1
cpu_cpuset_cpus: 0-15
cpu_memory_nodes: 0
active_processor_count: 16
cpu_quota: -1
cpu_period: 100000
cpu_shares: -1
memory_limit_in_bytes: -1
memory_and_swap_limit_in_bytes: -2
memory_soft_limit_in_bytes: -1
memory_usage_in_bytes: 6833254400
memory_max_usage_in_bytes: 6862372864

Xen hardware-assisted virtualization detected
Steal ticks since vm start: 0
Steal ticks percentage since vm start:  0.000

CPU:total 16 (initial active 16) (2 cores per cpu, 1 threads per core) family 6 model 85 stepping 4 microcode 0x2000050, cmov, cx8, fxsr, mmx, sse, sse2, sse3, ssse3, sse4.1, sse4.2, popcnt, avx, avx2, aes, clmul, erms, rtm, 3dnowpref, lzcnt, tsc, bmi1, bmi2, adx, fma
CPU Model and flags from /proc/cpuinfo:
model name	: Intel(R) Xeon(R) Silver 4114 CPU @ 2.20GHz
flags		: fpu vme de pse tsc msr pae mce cx8 apic sep mtrr pge mca cmov pat pse36 clflush acpi mmx fxsr sse sse2 ht syscall nx pdpe1gb rdtscp lm constant_tsc rep_good nopl cpuid pni pclmulqdq ssse3 fma cx16 pcid sse4_1 sse4_2 x2apic movbe popcnt tsc_deadline_timer aes xsave avx f16c rdrand hypervisor lahf_lm abm 3dnowprefetch cpuid_fault invpcid_single pti intel_ppin ssbd ibrs ibpb stibp fsgsbase tsc_adjust bmi1 hle avx2 smep bmi2 erms invpcid rtm mpx rdseed adx smap clflushopt clwb xsaveopt xsavec xgetbv1 xsaves pku ospke flush_l1d
Online cpus:
0-15
Offline cpus:
16-127
BIOS frequency limitation:
<Not Available>
Frequency switch latency (ns):
<Not Available>
Available cpu frequencies:
<Not Available>
Current governor:
<Not Available>
Core performance/turbo boost:
<Not Available>

Memory: 4k page, physical 7942016k(138044k free), swap 483800k(479960k free)

vm_info: OpenJDK 64-Bit Server VM (11.0.11+9-Ubuntu-0ubuntu2.18.04) for linux-amd64 JRE (11.0.11+9-Ubuntu-0ubuntu2.18.04), built on Apr 21 2021 09:15:32 by "unknown" with gcc 8.4.0

END.
